13:54:52 INFO  : Registering command handlers for SDK TCF services
13:54:53 INFO  : Launching XSCT server: xsct.bat -interactive G:\code\fpga\blink_mb\blink_mb.sdk\temp_xsdb_launch_script.tcl
13:54:55 INFO  : XSCT server has started successfully.
13:54:56 INFO  : Successfully done setting XSCT server connection channel  
13:54:56 INFO  : Processing command line option -hwspec G:/code/fpga/blink_mb/blink_mb.sdk/design_1_wrapper.hdf.
13:54:56 INFO  : Successfully done setting SDK workspace  
13:56:29 INFO  : Connected to target on host '127.0.0.1' and port '3121'.
13:56:31 INFO  : 'targets -set -filter {jtag_cable_name =~ "Digilent Arty S7 - 50 210352A6BE32A" && level==0} -index 0' command is executed.
13:56:32 INFO  : FPGA configured successfully with bitstream "G:/code/fpga/blink_mb/blink_mb.sdk/design_1_wrapper_hw_platform_0/download.bit"
13:57:10 INFO  : 'targets -set -filter {jtag_cable_name =~ "Digilent Arty S7 - 50 210352A6BE32A" && level==0} -index 0' command is executed.
13:57:10 INFO  : 'fpga -state' command is executed.
13:57:10 INFO  : Connected to target on host '127.0.0.1' and port '3121'.
13:57:10 INFO  : Jtag cable 'Digilent Arty S7 - 50 210352A6BE32A' is selected.
13:57:10 INFO  : 'jtag frequency' command is executed.
13:57:10 INFO  : 'configparams mdm-detect-bscan-mask 2' command is executed.
13:57:10 INFO  : Context for processor 'microblaze_0' is selected.
13:57:10 ERROR : Cannot stop MicroBlaze. MicroBlaze is held in reset
13:57:10 INFO  : ----------------XSDB Script----------------
connect -url tcp:127.0.0.1:3121
configparams mdm-detect-bscan-mask 2
targets -set -nocase -filter {name =~ "microblaze*#0" && bscan=="USER2"  && jtag_cable_name =~ "Digilent Arty S7 - 50 210352A6BE32A"} -index 0
rst -processor
----------------End of Script----------------

14:11:02 INFO  : Launching XSCT server: xsct.bat -interactive G:\code\fpga\blink_mb\blink_mb.sdk\temp_xsdb_launch_script.tcl
14:11:04 INFO  : XSCT server has started successfully.
14:11:04 INFO  : Successfully done setting XSCT server connection channel  
14:11:05 INFO  : Successfully done setting SDK workspace  
14:11:08 INFO  : Registering command handlers for SDK TCF services
14:11:08 INFO  : Processing command line option -hwspec G:/code/fpga/blink_mb/blink_mb.sdk/design_1_wrapper.hdf.
14:11:09 INFO  : Checking for hwspec changes in the project design_1_wrapper_hw_platform_0.
14:11:09 INFO  : SDK has detected change in the last modified timestamps for source hardware specification file Source:1569733752064,  Project:1569732214718
14:11:09 INFO  : The hardware specification for project 'design_1_wrapper_hw_platform_0' is different from G:/code/fpga/blink_mb/blink_mb.sdk/design_1_wrapper.hdf.
14:11:09 INFO  : Copied contents of G:/code/fpga/blink_mb/blink_mb.sdk/design_1_wrapper.hdf into \design_1_wrapper_hw_platform_0\system.hdf.
14:11:09 INFO  : Synchronizing projects in the workspace with the hardware platform specification changes.
14:11:14 INFO  : 
14:11:15 INFO  : Updating hardware inferred compiler options for hello.
14:11:15 INFO  : Clearing existing target manager status.
14:11:15 INFO  : Closing and re-opening the MSS file of ther project hello_bsp
14:11:16 INFO  : Workspace synchronized with the new hardware specification file. Cleaning dependent projects...
14:11:17 WARN  : Linker script will not be updated automatically. Users need to update it manually.
14:13:19 INFO  : Connected to target on host '127.0.0.1' and port '3121'.
14:13:20 INFO  : 'targets -set -filter {jtag_cable_name =~ "Digilent Arty S7 - 50 210352A6BE32A" && level==0} -index 0' command is executed.
14:13:22 INFO  : FPGA configured successfully with bitstream "G:/code/fpga/blink_mb/blink_mb.sdk/design_1_wrapper_hw_platform_0/download.bit"
14:15:32 INFO  : 'targets -set -filter {jtag_cable_name =~ "Digilent Arty S7 - 50 210352A6BE32A" && level==0} -index 0' command is executed.
14:15:32 INFO  : 'fpga -state' command is executed.
14:15:32 INFO  : Connected to target on host '127.0.0.1' and port '3121'.
14:15:32 INFO  : Jtag cable 'Digilent Arty S7 - 50 210352A6BE32A' is selected.
14:15:32 INFO  : 'jtag frequency' command is executed.
14:15:32 INFO  : 'configparams mdm-detect-bscan-mask 2' command is executed.
14:15:32 INFO  : Context for processor 'microblaze_0' is selected.
14:15:32 ERROR : Cannot stop MicroBlaze. MicroBlaze is held in reset
14:15:32 INFO  : ----------------XSDB Script----------------
connect -url tcp:127.0.0.1:3121
configparams mdm-detect-bscan-mask 2
targets -set -nocase -filter {name =~ "microblaze*#0" && bscan=="USER2"  && jtag_cable_name =~ "Digilent Arty S7 - 50 210352A6BE32A"} -index 0
rst -processor
----------------End of Script----------------

14:15:38 INFO  : 'targets -set -filter {jtag_cable_name =~ "Digilent Arty S7 - 50 210352A6BE32A" && level==0} -index 0' command is executed.
14:15:38 INFO  : 'fpga -state' command is executed.
14:15:38 INFO  : Connected to target on host '127.0.0.1' and port '3121'.
14:15:39 INFO  : Jtag cable 'Digilent Arty S7 - 50 210352A6BE32A' is selected.
14:15:39 INFO  : 'jtag frequency' command is executed.
14:15:39 INFO  : 'configparams mdm-detect-bscan-mask 2' command is executed.
14:15:39 INFO  : Context for processor 'microblaze_0' is selected.
14:15:39 ERROR : Cannot stop MicroBlaze. MicroBlaze is held in reset
14:15:39 INFO  : ----------------XSDB Script----------------
connect -url tcp:127.0.0.1:3121
configparams mdm-detect-bscan-mask 2
targets -set -nocase -filter {name =~ "microblaze*#0" && bscan=="USER2"  && jtag_cable_name =~ "Digilent Arty S7 - 50 210352A6BE32A"} -index 0
rst -processor
----------------End of Script----------------

14:15:52 INFO  : 'targets -set -filter {jtag_cable_name =~ "Digilent Arty S7 - 50 210352A6BE32A" && level==0} -index 0' command is executed.
14:15:52 INFO  : 'fpga -state' command is executed.
14:15:52 INFO  : Connected to target on host '127.0.0.1' and port '3121'.
14:15:52 INFO  : Jtag cable 'Digilent Arty S7 - 50 210352A6BE32A' is selected.
14:15:52 INFO  : 'jtag frequency' command is executed.
14:15:52 INFO  : 'configparams mdm-detect-bscan-mask 2' command is executed.
14:15:52 INFO  : Context for processor 'microblaze_0' is selected.
14:15:52 ERROR : Cannot stop MicroBlaze. MicroBlaze is held in reset
14:15:52 INFO  : ----------------XSDB Script----------------
connect -url tcp:127.0.0.1:3121
configparams mdm-detect-bscan-mask 2
targets -set -nocase -filter {name =~ "microblaze*#0" && bscan=="USER2"  && jtag_cable_name =~ "Digilent Arty S7 - 50 210352A6BE32A"} -index 0
rst -processor
----------------End of Script----------------

14:21:38 INFO  : Launching XSCT server: xsct.bat -interactive G:\code\fpga\blink_mb\blink_mb.sdk\temp_xsdb_launch_script.tcl
14:21:40 INFO  : XSCT server has started successfully.
14:21:40 INFO  : Successfully done setting XSCT server connection channel  
14:21:40 INFO  : Successfully done setting SDK workspace  
14:21:44 INFO  : Registering command handlers for SDK TCF services
14:21:44 INFO  : Processing command line option -hwspec G:/code/fpga/blink_mb/blink_mb.sdk/design_1_wrapper.hdf.
14:21:44 INFO  : Checking for hwspec changes in the project design_1_wrapper_hw_platform_0.
14:21:44 INFO  : SDK has detected change in the last modified timestamps for source hardware specification file Source:1569734466932,  Project:1569733752064
14:21:44 INFO  : The hardware specification for project 'design_1_wrapper_hw_platform_0' is different from G:/code/fpga/blink_mb/blink_mb.sdk/design_1_wrapper.hdf.
14:21:44 INFO  : Copied contents of G:/code/fpga/blink_mb/blink_mb.sdk/design_1_wrapper.hdf into \design_1_wrapper_hw_platform_0\system.hdf.
14:21:45 INFO  : Synchronizing projects in the workspace with the hardware platform specification changes.
14:21:49 INFO  : 
14:21:50 INFO  : Updating hardware inferred compiler options for hello.
14:21:50 INFO  : Clearing existing target manager status.
14:21:50 INFO  : Closing and re-opening the MSS file of ther project hello_bsp
14:21:51 INFO  : Workspace synchronized with the new hardware specification file. Cleaning dependent projects...
14:21:52 WARN  : Linker script will not be updated automatically. Users need to update it manually.
14:22:12 INFO  : Connected to target on host '127.0.0.1' and port '3121'.
14:22:14 INFO  : 'targets -set -filter {jtag_cable_name =~ "Digilent Arty S7 - 50 210352A6BE32A" && level==0} -index 0' command is executed.
14:22:15 INFO  : FPGA configured successfully with bitstream "G:/code/fpga/blink_mb/blink_mb.sdk/design_1_wrapper_hw_platform_0/download.bit"
14:22:23 INFO  : 'targets -set -filter {jtag_cable_name =~ "Digilent Arty S7 - 50 210352A6BE32A" && level==0} -index 0' command is executed.
14:22:23 INFO  : 'fpga -state' command is executed.
14:22:23 INFO  : Connected to target on host '127.0.0.1' and port '3121'.
14:22:23 INFO  : Jtag cable 'Digilent Arty S7 - 50 210352A6BE32A' is selected.
14:22:23 INFO  : 'jtag frequency' command is executed.
14:22:23 INFO  : 'configparams mdm-detect-bscan-mask 2' command is executed.
14:22:23 INFO  : Context for processor 'microblaze_0' is selected.
14:22:23 ERROR : Cannot stop MicroBlaze. MicroBlaze is held in reset
14:22:23 INFO  : ----------------XSDB Script----------------
connect -url tcp:127.0.0.1:3121
configparams mdm-detect-bscan-mask 2
targets -set -nocase -filter {name =~ "microblaze*#0" && bscan=="USER2"  && jtag_cable_name =~ "Digilent Arty S7 - 50 210352A6BE32A"} -index 0
rst -processor
----------------End of Script----------------

14:30:46 INFO  : Launching XSCT server: xsct.bat -interactive G:\code\fpga\blink_mb\blink_mb.sdk\temp_xsdb_launch_script.tcl
14:30:48 INFO  : XSCT server has started successfully.
14:30:48 INFO  : Successfully done setting XSCT server connection channel  
14:30:48 INFO  : Successfully done setting SDK workspace  
14:30:52 INFO  : Registering command handlers for SDK TCF services
14:30:52 INFO  : Processing command line option -hwspec G:/code/fpga/blink_mb/blink_mb.sdk/design_1_wrapper.hdf.
14:30:52 INFO  : Checking for hwspec changes in the project design_1_wrapper_hw_platform_0.
14:30:52 INFO  : SDK has detected change in the last modified timestamps for source hardware specification file Source:1569734924307,  Project:1569734466932
14:30:52 INFO  : The hardware specification for project 'design_1_wrapper_hw_platform_0' is different from G:/code/fpga/blink_mb/blink_mb.sdk/design_1_wrapper.hdf.
14:30:52 INFO  : Copied contents of G:/code/fpga/blink_mb/blink_mb.sdk/design_1_wrapper.hdf into \design_1_wrapper_hw_platform_0\system.hdf.
14:30:53 INFO  : Synchronizing projects in the workspace with the hardware platform specification changes.
14:30:57 INFO  : 
14:30:58 INFO  : Updating hardware inferred compiler options for hello.
14:30:58 INFO  : Clearing existing target manager status.
14:30:58 INFO  : Closing and re-opening the MSS file of ther project hello_bsp
14:30:59 INFO  : Workspace synchronized with the new hardware specification file. Cleaning dependent projects...
14:31:00 WARN  : Linker script will not be updated automatically. Users need to update it manually.
14:31:20 INFO  : 'targets -set -filter {jtag_cable_name =~ "Digilent Arty S7 - 50 210352A6BE32A" && level==0} -index 0' command is executed.
14:31:20 INFO  : 'fpga -state' command is executed.
14:31:20 INFO  : Connected to target on host '127.0.0.1' and port '3121'.
14:31:20 INFO  : Jtag cable 'Digilent Arty S7 - 50 210352A6BE32A' is selected.
14:31:20 INFO  : 'jtag frequency' command is executed.
14:31:20 WARN  : 'microblaze_0' frequency '12000000' is less than Jtag frequency '15000000'. Debugging will not work reliably
14:31:23 INFO  : 'configparams mdm-detect-bscan-mask 2' command is executed.
14:31:23 INFO  : Context for processor 'microblaze_0' is selected.
14:31:23 ERROR : Cannot stop MicroBlaze. MicroBlaze is held in reset
14:31:23 INFO  : ----------------XSDB Script----------------
connect -url tcp:127.0.0.1:3121
configparams mdm-detect-bscan-mask 2
targets -set -nocase -filter {name =~ "microblaze*#0" && bscan=="USER2"  && jtag_cable_name =~ "Digilent Arty S7 - 50 210352A6BE32A"} -index 0
rst -processor
----------------End of Script----------------

14:31:37 INFO  : Connected to target on host '127.0.0.1' and port '3121'.
14:31:37 INFO  : 'targets -set -filter {jtag_cable_name =~ "Digilent Arty S7 - 50 210352A6BE32A" && level==0} -index 0' command is executed.
14:31:39 INFO  : FPGA configured successfully with bitstream "G:/code/fpga/blink_mb/blink_mb.sdk/design_1_wrapper_hw_platform_0/download.bit"
14:31:47 INFO  : 'targets -set -filter {jtag_cable_name =~ "Digilent Arty S7 - 50 210352A6BE32A" && level==0} -index 0' command is executed.
14:31:47 INFO  : 'fpga -state' command is executed.
14:31:47 INFO  : Connected to target on host '127.0.0.1' and port '3121'.
14:31:47 INFO  : Jtag cable 'Digilent Arty S7 - 50 210352A6BE32A' is selected.
14:31:47 INFO  : 'jtag frequency' command is executed.
14:31:47 WARN  : 'microblaze_0' frequency '12000000' is less than Jtag frequency '15000000'. Debugging will not work reliably
14:31:50 INFO  : 'configparams mdm-detect-bscan-mask 2' command is executed.
14:31:50 INFO  : Context for processor 'microblaze_0' is selected.
14:31:50 INFO  : Processor reset is completed for 'microblaze_0'.
14:31:50 INFO  : Context for processor 'microblaze_0' is selected.
14:31:50 ERROR : Memory write error at 0x0. Cannot read r11. MicroBlaze data read overrun
14:31:50 INFO  : ----------------XSDB Script----------------
connect -url tcp:127.0.0.1:3121
configparams mdm-detect-bscan-mask 2
targets -set -nocase -filter {name =~ "microblaze*#0" && bscan=="USER2"  && jtag_cable_name =~ "Digilent Arty S7 - 50 210352A6BE32A"} -index 0
rst -processor
targets -set -nocase -filter {name =~ "microblaze*#0" && bscan=="USER2"  && jtag_cable_name =~ "Digilent Arty S7 - 50 210352A6BE32A"} -index 0
dow G:/code/fpga/blink_mb/blink_mb.sdk/hello/Debug/hello.elf
----------------End of Script----------------

16:28:56 INFO  : Launching XSCT server: xsct.bat -interactive G:\code\fpga\blink_mb\blink_mb.sdk\temp_xsdb_launch_script.tcl
16:28:58 INFO  : XSCT server has started successfully.
16:29:00 INFO  : Successfully done setting XSCT server connection channel  
16:29:00 INFO  : Successfully done setting SDK workspace  
16:29:04 INFO  : Registering command handlers for SDK TCF services
16:29:04 INFO  : Processing command line option -hwspec G:/code/fpga/blink_mb/blink_mb.sdk/design_1_wrapper.hdf.
16:29:05 INFO  : Checking for hwspec changes in the project design_1_wrapper_hw_platform_0.
16:29:34 INFO  : Connected to target on host '127.0.0.1' and port '3121'.
16:29:36 INFO  : 'targets -set -filter {jtag_cable_name =~ "Digilent Arty S7 - 50 210352A6BE32A" && level==0} -index 0' command is executed.
16:29:37 INFO  : FPGA configured successfully with bitstream "G:/code/fpga/blink_mb/blink_mb.sdk/design_1_wrapper_hw_platform_0/download.bit"
16:30:01 INFO  : 'targets -set -filter {jtag_cable_name =~ "Digilent Arty S7 - 50 210352A6BE32A" && level==0} -index 0' command is executed.
16:30:01 INFO  : 'fpga -state' command is executed.
16:30:01 INFO  : Connected to target on host '127.0.0.1' and port '3121'.
16:30:01 INFO  : Jtag cable 'Digilent Arty S7 - 50 210352A6BE32A' is selected.
16:30:01 INFO  : 'jtag frequency' command is executed.
16:30:02 WARN  : 'microblaze_0' frequency '12000000' is less than Jtag frequency '15000000'. Debugging will not work reliably
16:30:04 INFO  : 'configparams mdm-detect-bscan-mask 2' command is executed.
16:30:04 INFO  : Context for processor 'microblaze_0' is selected.
16:30:04 INFO  : Processor reset is completed for 'microblaze_0'.
16:30:04 INFO  : Context for processor 'microblaze_0' is selected.
16:30:04 ERROR : Memory write error at 0x0. Cannot read r11. MicroBlaze data read overrun
16:30:04 INFO  : ----------------XSDB Script----------------
connect -url tcp:127.0.0.1:3121
configparams mdm-detect-bscan-mask 2
targets -set -nocase -filter {name =~ "microblaze*#0" && bscan=="USER2"  && jtag_cable_name =~ "Digilent Arty S7 - 50 210352A6BE32A"} -index 0
rst -processor
targets -set -nocase -filter {name =~ "microblaze*#0" && bscan=="USER2"  && jtag_cable_name =~ "Digilent Arty S7 - 50 210352A6BE32A"} -index 0
dow G:/code/fpga/blink_mb/blink_mb.sdk/hello/Debug/hello.elf
----------------End of Script----------------

