#! /usr/bin/vvp
:ivl_version "10.3 (stable)";
:ivl_delay_selection "TYPICAL";
:vpi_time_precision + 0;
:vpi_module "system";
:vpi_module "vhdl_sys";
:vpi_module "v2005_math";
:vpi_module "va_math";
S_0x564de16b1c40 .scope module, "testbench" "testbench" 2 3;
 .timescale 0 0;
v0x564de16cf5c0_0 .var "clk", 0 0;
v0x564de16cf680_0 .net "read_data1", 63 0, L_0x564de16e01d0;  1 drivers
v0x564de16cf720_0 .net "read_data2", 63 0, L_0x564de16e08f0;  1 drivers
v0x564de16cf820_0 .var "read_register1", 4 0;
v0x564de16cf8f0_0 .var "read_register2", 4 0;
o0x7f59dc2e9408 .functor BUFZ 1, C4<z>; HiZ drive
v0x564de16cf990_0 .net "reg_file", 0 0, o0x7f59dc2e9408;  0 drivers
v0x564de16cfa60_0 .var "reg_wire", 0 0;
v0x564de16cfb00_0 .var "write_data", 63 0;
v0x564de16cfbd0_0 .var "write_register", 4 0;
S_0x564de16b1dc0 .scope module, "regriletest" "regfile" 2 11, 3 1 0, S_0x564de16b1c40;
 .timescale 0 0;
    .port_info 0 /INPUT 1 "clk"
    .port_info 1 /INPUT 1 "reg_wire"
    .port_info 2 /INPUT 5 "read_register1"
    .port_info 3 /INPUT 5 "read_register2"
    .port_info 4 /INPUT 5 "write_register"
    .port_info 5 /INPUT 64 "write_data"
    .port_info 6 /OUTPUT 64 "read_data1"
    .port_info 7 /OUTPUT 64 "read_data2"
v0x564de167a140_0 .net *"_s0", 31 0, L_0x564de16cfca0;  1 drivers
v0x564de16ce030_0 .net *"_s10", 6 0, L_0x564de16e0010;  1 drivers
L_0x7f59dc2a00a8 .functor BUFT 1, C4<00>, C4<0>, C4<0>, C4<0>;
v0x564de16ce110_0 .net *"_s13", 1 0, L_0x7f59dc2a00a8;  1 drivers
L_0x7f59dc2a00f0 .functor BUFT 1, C4<0000000000000000000000000000000000000000000000000000000000000000>, C4<0>, C4<0>, C4<0>;
v0x564de16ce1d0_0 .net/2u *"_s14", 63 0, L_0x7f59dc2a00f0;  1 drivers
v0x564de16ce2b0_0 .net *"_s18", 31 0, L_0x564de16e03b0;  1 drivers
L_0x7f59dc2a0138 .functor BUFT 1, C4<000000000000000000000000000>, C4<0>, C4<0>, C4<0>;
v0x564de16ce3e0_0 .net *"_s21", 26 0, L_0x7f59dc2a0138;  1 drivers
L_0x7f59dc2a0180 .functor BUFT 1, C4<00000000000000000000000000000000>, C4<0>, C4<0>, C4<0>;
v0x564de16ce4c0_0 .net/2u *"_s22", 31 0, L_0x7f59dc2a0180;  1 drivers
v0x564de16ce5a0_0 .net *"_s24", 0 0, L_0x564de16e0580;  1 drivers
v0x564de16ce660_0 .net *"_s26", 63 0, L_0x564de16e06c0;  1 drivers
v0x564de16ce740_0 .net *"_s28", 6 0, L_0x564de16e07b0;  1 drivers
L_0x7f59dc2a0018 .functor BUFT 1, C4<000000000000000000000000000>, C4<0>, C4<0>, C4<0>;
v0x564de16ce820_0 .net *"_s3", 26 0, L_0x7f59dc2a0018;  1 drivers
L_0x7f59dc2a01c8 .functor BUFT 1, C4<00>, C4<0>, C4<0>, C4<0>;
v0x564de16ce900_0 .net *"_s31", 1 0, L_0x7f59dc2a01c8;  1 drivers
L_0x7f59dc2a0210 .functor BUFT 1, C4<0000000000000000000000000000000000000000000000000000000000000000>, C4<0>, C4<0>, C4<0>;
v0x564de16ce9e0_0 .net/2u *"_s32", 63 0, L_0x7f59dc2a0210;  1 drivers
L_0x7f59dc2a0060 .functor BUFT 1, C4<00000000000000000000000000000000>, C4<0>, C4<0>, C4<0>;
v0x564de16ceac0_0 .net/2u *"_s4", 31 0, L_0x7f59dc2a0060;  1 drivers
v0x564de16ceba0_0 .net *"_s6", 0 0, L_0x564de16dfe00;  1 drivers
v0x564de16cec60_0 .net *"_s8", 63 0, L_0x564de16dff70;  1 drivers
v0x564de16ced40_0 .net "clk", 0 0, v0x564de16cf5c0_0;  1 drivers
v0x564de16cee00_0 .net "read_data1", 63 0, L_0x564de16e01d0;  alias, 1 drivers
v0x564de16ceee0_0 .net "read_data2", 63 0, L_0x564de16e08f0;  alias, 1 drivers
v0x564de16cefc0_0 .net "read_register1", 4 0, v0x564de16cf820_0;  1 drivers
v0x564de16cf0a0_0 .net "read_register2", 4 0, v0x564de16cf8f0_0;  1 drivers
v0x564de16cf180_0 .net "reg_wire", 0 0, o0x7f59dc2e9408;  alias, 0 drivers
v0x564de16cf240 .array "register", 0 31, 63 0;
v0x564de16cf300_0 .net "write_data", 63 0, v0x564de16cfb00_0;  1 drivers
v0x564de16cf3e0_0 .net "write_register", 4 0, v0x564de16cfbd0_0;  1 drivers
E_0x564de16af750 .event posedge, v0x564de16ced40_0;
L_0x564de16cfca0 .concat [ 5 27 0 0], v0x564de16cf820_0, L_0x7f59dc2a0018;
L_0x564de16dfe00 .cmp/ne 32, L_0x564de16cfca0, L_0x7f59dc2a0060;
L_0x564de16dff70 .array/port v0x564de16cf240, L_0x564de16e0010;
L_0x564de16e0010 .concat [ 5 2 0 0], v0x564de16cf820_0, L_0x7f59dc2a00a8;
L_0x564de16e01d0 .functor MUXZ 64, L_0x7f59dc2a00f0, L_0x564de16dff70, L_0x564de16dfe00, C4<>;
L_0x564de16e03b0 .concat [ 5 27 0 0], v0x564de16cf8f0_0, L_0x7f59dc2a0138;
L_0x564de16e0580 .cmp/ne 32, L_0x564de16e03b0, L_0x7f59dc2a0180;
L_0x564de16e06c0 .array/port v0x564de16cf240, L_0x564de16e07b0;
L_0x564de16e07b0 .concat [ 5 2 0 0], v0x564de16cf8f0_0, L_0x7f59dc2a01c8;
L_0x564de16e08f0 .functor MUXZ 64, L_0x7f59dc2a0210, L_0x564de16e06c0, L_0x564de16e0580, C4<>;
    .scope S_0x564de16b1dc0;
T_0 ;
    %wait E_0x564de16af750;
    %load/vec4 v0x564de16cf180_0;
    %flag_set/vec4 8;
    %jmp/0xz  T_0.0, 8;
    %load/vec4 v0x564de16cf300_0;
    %load/vec4 v0x564de16cf3e0_0;
    %pad/u 7;
    %ix/vec4 3;
    %ix/load 4, 0, 0; Constant delay
    %assign/vec4/a/d v0x564de16cf240, 0, 4;
T_0.0 ;
    %jmp T_0;
    .thread T_0;
    .scope S_0x564de16b1c40;
T_1 ;
    %vpi_call 2 15 "$dumpfile", "regfile_test.vcd" {0 0 0};
    %vpi_call 2 16 "$dumpvars", 32'sb00000000000000000000000000000000, S_0x564de16b1dc0 {0 0 0};
    %vpi_call 2 17 "$monitor", "%h, %h, %h, %h", &A<v0x564de16cf240, 1>, &A<v0x564de16cf240, 2>, v0x564de16cee00_0, v0x564de16ceee0_0 {0 0 0};
    %pushi/vec4 1, 0, 5;
    %assign/vec4 v0x564de16cf820_0, 0;
    %pushi/vec4 2, 0, 5;
    %assign/vec4 v0x564de16cf8f0_0, 0;
    %pushi/vec4 1, 0, 5;
    %assign/vec4 v0x564de16cfbd0_0, 0;
    %pushi/vec4 5, 0, 64;
    %assign/vec4 v0x564de16cfb00_0, 0;
    %pushi/vec4 1, 0, 1;
    %assign/vec4 v0x564de16cfa60_0, 0;
    %delay 10, 0;
    %pushi/vec4 0, 0, 1;
    %assign/vec4 v0x564de16cfa60_0, 0;
    %delay 10, 0;
    %pushi/vec4 1, 0, 5;
    %assign/vec4 v0x564de16cf820_0, 0;
    %pushi/vec4 2, 0, 5;
    %assign/vec4 v0x564de16cf8f0_0, 0;
    %pushi/vec4 2, 0, 5;
    %assign/vec4 v0x564de16cfbd0_0, 0;
    %pushi/vec4 6, 0, 64;
    %assign/vec4 v0x564de16cfb00_0, 0;
    %pushi/vec4 1, 0, 1;
    %assign/vec4 v0x564de16cfa60_0, 0;
    %delay 10, 0;
    %pushi/vec4 0, 0, 1;
    %assign/vec4 v0x564de16cfa60_0, 0;
    %delay 10, 0;
    %pushi/vec4 1, 0, 5;
    %assign/vec4 v0x564de16cf820_0, 0;
    %pushi/vec4 2, 0, 5;
    %assign/vec4 v0x564de16cf8f0_0, 0;
    %pushi/vec4 1, 0, 5;
    %assign/vec4 v0x564de16cfbd0_0, 0;
    %pushi/vec4 8, 0, 64;
    %assign/vec4 v0x564de16cfb00_0, 0;
    %pushi/vec4 1, 0, 1;
    %assign/vec4 v0x564de16cfa60_0, 0;
    %delay 10, 0;
    %pushi/vec4 0, 0, 1;
    %assign/vec4 v0x564de16cfa60_0, 0;
    %delay 10, 0;
    %pushi/vec4 0, 0, 5;
    %assign/vec4 v0x564de16cf820_0, 0;
    %pushi/vec4 2, 0, 5;
    %assign/vec4 v0x564de16cf8f0_0, 0;
    %pushi/vec4 0, 0, 5;
    %assign/vec4 v0x564de16cfbd0_0, 0;
    %pushi/vec4 8, 0, 64;
    %assign/vec4 v0x564de16cfb00_0, 0;
    %pushi/vec4 1, 0, 1;
    %assign/vec4 v0x564de16cfa60_0, 0;
    %delay 10, 0;
    %pushi/vec4 0, 0, 1;
    %assign/vec4 v0x564de16cfa60_0, 0;
    %delay 10, 0;
    %delay 200, 0;
    %vpi_call 2 38 "$finish" {0 0 0};
    %end;
    .thread T_1;
    .scope S_0x564de16b1c40;
T_2 ;
    %pushi/vec4 1, 0, 1;
    %assign/vec4 v0x564de16cf5c0_0, 0;
    %delay 5, 0;
    %pushi/vec4 0, 0, 1;
    %assign/vec4 v0x564de16cf5c0_0, 0;
    %delay 5, 0;
    %jmp T_2;
    .thread T_2;
# The file index is used to find the file name in the following table.
:file_names 4;
    "N/A";
    "<interactive>";
    "regfile_test.v";
    "./regfile.v";
