#-----------------------------------------------------------
# Webtalk v2019.1 (64-bit)
# SW Build 2552052 on Fri May 24 14:49:42 MDT 2019
# 
# Start of session at: Sun Sep 29 13:57:21 2019
# Process ID: 1148
# Current directory: G:/code/fpga/blink_mb/blink_mb.sdk/webtalk
# Command line: wbtcv.exe -mode batch -source sdk_webtalk.tcl
# Log file: G:/code/fpga/blink_mb/blink_mb.sdk/webtalk/webtalk.log
# Journal file: G:/code/fpga/blink_mb/blink_mb.sdk/webtalk\webtalk.jou
#-----------------------------------------------------------
source sdk_webtalk.tcl
# webtalk_init -webtalk_dir G:\\code\\fpga\\blink_mb\\blink_mb.sdk\\webtalk
# webtalk_register_client -client project
# webtalk_add_data -client project -key date_generated -value "2019-09-29 13:57:20" -context "software_version_and_target_device"
# webtalk_add_data -client project -key product_version -value "SDK v2019.1" -context "software_version_and_target_device"
# webtalk_add_data -client project -key build_version -value "2019.1" -context "software_version_and_target_device"
# webtalk_add_data -client project -key os_platform -value "amd64" -context "software_version_and_target_device"
# webtalk_add_data -client project -key registration_id -value "" -context "software_version_and_target_device"
# webtalk_add_data -client project -key tool_flow -value "SDK" -context "software_version_and_target_device"
# webtalk_add_data -client project -key beta -value "false" -context "software_version_and_target_device"
# webtalk_add_data -client project -key route_design -value "NA" -context "software_version_and_target_device"
# webtalk_add_data -client project -key target_family -value "NA" -context "software_version_and_target_device"
# webtalk_add_data -client project -key target_device -value "NA" -context "software_version_and_target_device"
# webtalk_add_data -client project -key target_package -value "NA" -context "software_version_and_target_device"
# webtalk_add_data -client project -key target_speed -value "NA" -context "software_version_and_target_device"
# webtalk_add_data -client project -key random_id -value "hifvoc9pic0bb9s4gvcf5oemrq" -context "software_version_and_target_device"
# webtalk_add_data -client project -key project_id -value "2019.1_3" -context "software_version_and_target_device"
# webtalk_add_data -client project -key project_iteration -value "3" -context "software_version_and_target_device"
# webtalk_add_data -client project -key os_name -value "Microsoft Windows 8 or later , 64-bit" -context "user_environment"
# webtalk_add_data -client project -key os_release -value "major release  (build 9200)" -context "user_environment"
# webtalk_add_data -client project -key cpu_name -value "Intel(R) Core(TM) i7-6700K CPU @ 4.00GHz" -context "user_environment"
# webtalk_add_data -client project -key cpu_speed -value "4008 MHz" -context "user_environment"
# webtalk_add_data -client project -key total_processors -value "1" -context "user_environment"
# webtalk_add_data -client project -key system_ram -value "34.276 GB" -context "user_environment"
# webtalk_register_client -client sdk
# webtalk_add_data -client sdk -key uid -value "1569732899745" -context "sdk\\\\hardware/1569732899745"
# webtalk_add_data -client sdk -key isZynq -value "false" -context "sdk\\\\hardware/1569732899745"
# webtalk_add_data -client sdk -key isZynqMP -value "false" -context "sdk\\\\hardware/1569732899745"
# webtalk_add_data -client sdk -key Processors -value "1" -context "sdk\\\\hardware/1569732899745"
# webtalk_add_data -client sdk -key VivadoVersion -value "2019.1" -context "sdk\\\\hardware/1569732899745"
# webtalk_add_data -client sdk -key Arch -value "spartan7" -context "sdk\\\\hardware/1569732899745"
# webtalk_add_data -client sdk -key Device -value "7s50" -context "sdk\\\\hardware/1569732899745"
# webtalk_add_data -client sdk -key IsHandoff -value "true" -context "sdk\\\\hardware/1569732899745"
# webtalk_add_data -client sdk -key os -value "NA" -context "sdk\\\\hardware/1569732899745"
# webtalk_add_data -client sdk -key apptemplate -value "NA" -context "sdk\\\\hardware/1569732899745"
# webtalk_add_data -client sdk -key RecordType -value "HWCreation" -context "sdk\\\\hardware/1569732899745"
# webtalk_add_data -client sdk -key uid -value "1569732927085" -context "sdk\\\\bsp/1569732927085"
# webtalk_add_data -client sdk -key hwid -value "1569732899745" -context "sdk\\\\bsp/1569732927085"
# webtalk_add_data -client sdk -key os -value "standalone" -context "sdk\\\\bsp/1569732927085"
# webtalk_add_data -client sdk -key apptemplate -value "hello_world" -context "sdk\\\\bsp/1569732927085"
# webtalk_add_data -client sdk -key RecordType -value "BSPCreation" -context "sdk\\\\bsp/1569732927085"
# webtalk_add_data -client sdk -key uid -value "1569732933167" -context "sdk\\\\application/1569732933167"
# webtalk_add_data -client sdk -key hwid -value "1569732899745" -context "sdk\\\\application/1569732933167"
# webtalk_add_data -client sdk -key bspid -value "1569732927085" -context "sdk\\\\application/1569732933167"
# webtalk_add_data -client sdk -key newbsp -value "true" -context "sdk\\\\application/1569732933167"
# webtalk_add_data -client sdk -key os -value "standalone" -context "sdk\\\\application/1569732933167"
# webtalk_add_data -client sdk -key apptemplate -value "hello_world" -context "sdk\\\\application/1569732933167"
# webtalk_add_data -client sdk -key RecordType -value "APPCreation" -context "sdk\\\\application/1569732933167"
# webtalk_add_data -client sdk -key LangUsed -value "C" -context "sdk\\\\application/1569732933167"
# webtalk_add_data -client sdk -key Procused -value "microblaze" -context "sdk\\\\application/1569732933167"
# webtalk_add_data -client sdk -key projSize -value "84.98828125" -context "sdk\\\\application/1569732933167"
# webtalk_add_data -client sdk -key uid -value "NA" -context "sdk\\\\bsp/1569733040059"
# webtalk_add_data -client sdk -key RecordType -value "ToolUsage" -context "sdk\\\\bsp/1569733040059"
# webtalk_add_data -client sdk -key BootgenCount -value "0" -context "sdk\\\\bsp/1569733040059"
# webtalk_add_data -client sdk -key DebugCount -value "1" -context "sdk\\\\bsp/1569733040059"
# webtalk_add_data -client sdk -key PerfCount -value "0" -context "sdk\\\\bsp/1569733040059"
# webtalk_add_data -client sdk -key FlashCount -value "0" -context "sdk\\\\bsp/1569733040059"
# webtalk_add_data -client sdk -key CrossTriggCount -value "0" -context "sdk\\\\bsp/1569733040059"
# webtalk_add_data -client sdk -key QemuDebugCount -value "0" -context "sdk\\\\bsp/1569733040059"
# webtalk_transmit -clientid 3430889128 -regid "" -xml G:\\code\\fpga\\blink_mb\\blink_mb.sdk\\webtalk\\usage_statistics_ext_sdk.xml -html G:\\code\\fpga\\blink_mb\\blink_mb.sdk\\webtalk\\usage_statistics_ext_sdk.html -wdm G:\\code\\fpga\\blink_mb\\blink_mb.sdk\\webtalk\\sdk_webtalk.wdm -intro "<H3>SDK Usage Report</H3><BR>"
INFO: [Common 17-186] 'G:\code\fpga\blink_mb\blink_mb.sdk\webtalk\usage_statistics_ext_sdk.xml' has been successfully sent to Xilinx on Sun Sep 29 13:57:26 2019. For additional details about this file, please refer to the WebTalk help file at E:/Vivado/SDK/2019.1/doc/webtalk_introduction.html.
# webtalk_terminate
INFO: [Common 17-206] Exiting Webtalk at Sun Sep 29 13:57:26 2019...
