Copyright 1986-2019 Xilinx, Inc. All Rights Reserved.
-----------------------------------------------------------------------------------------------------------------------------------------------------------------------------------------------
| Tool Version : Vivado v.2019.1 (win64) Build 2552052 Fri May 24 14:49:42 MDT 2019
| Date         : Sat Aug 17 21:13:46 2019
| Host         : DESKTOP-FR63RD9 running 64-bit major release  (build 9200)
| Command      : report_timing_summary -max_paths 10 -file blinkdir_timing_summary_routed.rpt -pb blinkdir_timing_summary_routed.pb -rpx blinkdir_timing_summary_routed.rpx -warn_on_violation
| Design       : blinkdir
| Device       : 7s50-csga324
| Speed File   : -1  PRODUCTION 1.23 2018-06-13
-----------------------------------------------------------------------------------------------------------------------------------------------------------------------------------------------

Timing Summary Report

------------------------------------------------------------------------------------------------
| Timer Settings
| --------------
------------------------------------------------------------------------------------------------

  Enable Multi Corner Analysis               :  Yes
  Enable Pessimism Removal                   :  Yes
  Pessimism Removal Resolution               :  Nearest Common Node
  Enable Input Delay Default Clock           :  No
  Enable Preset / Clear Arcs                 :  No
  Disable Flight Delays                      :  No
  Ignore I/O Paths                           :  No
  Timing Early Launch at Borrowing Latches   :  No
  Borrow Time for Max Delay Exceptions       :  Yes

  Corner  Analyze    Analyze    
  Name    Max Paths  Min Paths  
  ------  ---------  ---------  
  Slow    Yes        Yes        
  Fast    Yes        Yes        



check_timing report

Table of Contents
-----------------
1. checking no_clock
2. checking constant_clock
3. checking pulse_width_clock
4. checking unconstrained_internal_endpoints
5. checking no_input_delay
6. checking no_output_delay
7. checking multiple_clock
8. checking generated_clocks
9. checking loops
10. checking partial_input_delay
11. checking partial_output_delay
12. checking latch_loops

1. checking no_clock
--------------------
 There are 0 register/latch pins with no clock.


2. checking constant_clock
--------------------------
 There are 0 register/latch pins with constant_clock.


3. checking pulse_width_clock
-----------------------------
 There are 0 register/latch pins which need pulse_width check


4. checking unconstrained_internal_endpoints
--------------------------------------------
 There are 0 pins that are not constrained for maximum delay.

 There are 0 pins that are not constrained for maximum delay due to constant clock.


5. checking no_input_delay
--------------------------
 There are 2 input ports with no input delay specified. (HIGH)

 There are 0 input ports with no input delay but user has a false path constraint.


6. checking no_output_delay
---------------------------
 There are 4 ports with no output delay specified. (HIGH)

 There are 0 ports with no output delay but user has a false path constraint

 There are 0 ports with no output delay but with a timing clock defined on it or propagating through it


7. checking multiple_clock
--------------------------
 There are 0 register/latch pins with multiple clocks.


8. checking generated_clocks
----------------------------
 There are 0 generated clocks that are not connected to a clock source.


9. checking loops
-----------------
 There are 0 combinational loops in the design.


10. checking partial_input_delay
--------------------------------
 There are 0 input ports with partial input delay specified.


11. checking partial_output_delay
---------------------------------
 There are 0 ports with partial output delay specified.


12. checking latch_loops
------------------------
 There are 0 combinational latch loops in the design through latch input



------------------------------------------------------------------------------------------------
| Design Timing Summary
| ---------------------
------------------------------------------------------------------------------------------------

    WNS(ns)      TNS(ns)  TNS Failing Endpoints  TNS Total Endpoints      WHS(ns)      THS(ns)  THS Failing Endpoints  THS Total Endpoints     WPWS(ns)     TPWS(ns)  TPWS Failing Endpoints  TPWS Total Endpoints  
    -------      -------  ---------------------  -------------------      -------      -------  ---------------------  -------------------     --------     --------  ----------------------  --------------------  
     78.941        0.000                      0                   81        0.202        0.000                      0                   81       41.166        0.000                       0                    55  


All user specified timing constraints are met.


------------------------------------------------------------------------------------------------
| Clock Summary
| -------------
------------------------------------------------------------------------------------------------

Clock        Waveform(ns)       Period(ns)      Frequency(MHz)
-----        ------------       ----------      --------------
sys_clk_pin  {0.000 41.667}     83.333          12.000          


------------------------------------------------------------------------------------------------
| Intra Clock Table
| -----------------
------------------------------------------------------------------------------------------------

Clock             WNS(ns)      TNS(ns)  TNS Failing Endpoints  TNS Total Endpoints      WHS(ns)      THS(ns)  THS Failing Endpoints  THS Total Endpoints     WPWS(ns)     TPWS(ns)  TPWS Failing Endpoints  TPWS Total Endpoints  
-----             -------      -------  ---------------------  -------------------      -------      -------  ---------------------  -------------------     --------     --------  ----------------------  --------------------  
sys_clk_pin        78.941        0.000                      0                   81        0.202        0.000                      0                   81       41.166        0.000                       0                    55  


------------------------------------------------------------------------------------------------
| Inter Clock Table
| -----------------
------------------------------------------------------------------------------------------------

From Clock    To Clock          WNS(ns)      TNS(ns)  TNS Failing Endpoints  TNS Total Endpoints      WHS(ns)      THS(ns)  THS Failing Endpoints  THS Total Endpoints  
----------    --------          -------      -------  ---------------------  -------------------      -------      -------  ---------------------  -------------------  


------------------------------------------------------------------------------------------------
| Other Path Groups Table
| -----------------------
------------------------------------------------------------------------------------------------

Path Group    From Clock    To Clock          WNS(ns)      TNS(ns)  TNS Failing Endpoints  TNS Total Endpoints      WHS(ns)      THS(ns)  THS Failing Endpoints  THS Total Endpoints  
----------    ----------    --------          -------      -------  ---------------------  -------------------      -------      -------  ---------------------  -------------------  


------------------------------------------------------------------------------------------------
| Timing Details
| --------------
------------------------------------------------------------------------------------------------


---------------------------------------------------------------------------------------------------
From Clock:  sys_clk_pin
  To Clock:  sys_clk_pin

Setup :            0  Failing Endpoints,  Worst Slack       78.941ns,  Total Violation        0.000ns
Hold  :            0  Failing Endpoints,  Worst Slack        0.202ns,  Total Violation        0.000ns
PW    :            0  Failing Endpoints,  Worst Slack       41.166ns,  Total Violation        0.000ns
---------------------------------------------------------------------------------------------------


Max Delay Paths
--------------------------------------------------------------------------------------
Slack (MET) :             78.941ns  (required time - arrival time)
  Source:                 d0/cnt22_reg[8]/C
                            (rising edge-triggered cell FDRE clocked by sys_clk_pin  {rise@0.000ns fall@41.667ns period=83.333ns})
  Destination:            d0/cnt22_reg[20]/R
                            (rising edge-triggered cell FDRE clocked by sys_clk_pin  {rise@0.000ns fall@41.667ns period=83.333ns})
  Path Group:             sys_clk_pin
  Path Type:              Setup (Max at Slow Process Corner)
  Requirement:            83.333ns  (sys_clk_pin rise@83.333ns - sys_clk_pin rise@0.000ns)
  Data Path Delay:        3.806ns  (logic 0.766ns (20.126%)  route 3.040ns (79.874%))
  Logic Levels:           2  (LUT5=1 LUT6=1)
  Clock Path Skew:        -0.027ns (DCD - SCD + CPR)
    Destination Clock Delay (DCD):    4.846ns = ( 88.179 - 83.333 ) 
    Source Clock Delay      (SCD):    5.145ns
    Clock Pessimism Removal (CPR):    0.272ns
  Clock Uncertainty:      0.035ns  ((TSJ^2 + TIJ^2)^1/2 + DJ) / 2 + PE
    Total System Jitter     (TSJ):    0.071ns
    Total Input Jitter      (TIJ):    0.000ns
    Discrete Jitter          (DJ):    0.000ns
    Phase Error              (PE):    0.000ns

    Location             Delay type                Incr(ns)  Path(ns)    Netlist Resource(s)
  -------------------------------------------------------------------    -------------------
                         (clock sys_clk_pin rise edge)
                                                      0.000     0.000 r  
    F14                                               0.000     0.000 r  CLK (IN)
                         net (fo=0)                   0.000     0.000    CLK
    F14                  IBUF (Prop_ibuf_I_O)         1.458     1.458 r  CLK_IBUF_inst/O
                         net (fo=1, routed)           1.972     3.430    CLK_IBUF
    BUFGCTRL_X0Y16       BUFG (Prop_bufg_I_O)         0.096     3.526 r  CLK_IBUF_BUFG_inst/O
                         net (fo=54, routed)          1.619     5.145    d0/CLK
    SLICE_X2Y63          FDRE                                         r  d0/cnt22_reg[8]/C
  -------------------------------------------------------------------    -------------------
    SLICE_X2Y63          FDRE (Prop_fdre_C_Q)         0.518     5.663 r  d0/cnt22_reg[8]/Q
                         net (fo=2, routed)           1.231     6.894    d0/cnt22_reg[8]
    SLICE_X3Y62          LUT6 (Prop_lut6_I0_O)        0.124     7.018 r  d0/ff1_i_5/O
                         net (fo=4, routed)           0.596     7.614    d0/ff1_i_5_n_0
    SLICE_X1Y62          LUT5 (Prop_lut5_I1_O)        0.124     7.738 r  d0/cnt22[0]_i_1/O
                         net (fo=22, routed)          1.213     8.951    d0/cnt22[0]_i_1_n_0
    SLICE_X2Y66          FDRE                                         r  d0/cnt22_reg[20]/R
  -------------------------------------------------------------------    -------------------

                         (clock sys_clk_pin rise edge)
                                                     83.333    83.333 r  
    F14                                               0.000    83.333 r  CLK (IN)
                         net (fo=0)                   0.000    83.333    CLK
    F14                  IBUF (Prop_ibuf_I_O)         1.388    84.721 r  CLK_IBUF_inst/O
                         net (fo=1, routed)           1.868    86.589    CLK_IBUF
    BUFGCTRL_X0Y16       BUFG (Prop_bufg_I_O)         0.091    86.680 r  CLK_IBUF_BUFG_inst/O
                         net (fo=54, routed)          1.499    88.179    d0/CLK
    SLICE_X2Y66          FDRE                                         r  d0/cnt22_reg[20]/C
                         clock pessimism              0.272    88.451    
                         clock uncertainty           -0.035    88.416    
    SLICE_X2Y66          FDRE (Setup_fdre_C_R)       -0.524    87.892    d0/cnt22_reg[20]
  -------------------------------------------------------------------
                         required time                         87.892    
                         arrival time                          -8.951    
  -------------------------------------------------------------------
                         slack                                 78.941    

Slack (MET) :             78.941ns  (required time - arrival time)
  Source:                 d0/cnt22_reg[8]/C
                            (rising edge-triggered cell FDRE clocked by sys_clk_pin  {rise@0.000ns fall@41.667ns period=83.333ns})
  Destination:            d0/cnt22_reg[21]/R
                            (rising edge-triggered cell FDRE clocked by sys_clk_pin  {rise@0.000ns fall@41.667ns period=83.333ns})
  Path Group:             sys_clk_pin
  Path Type:              Setup (Max at Slow Process Corner)
  Requirement:            83.333ns  (sys_clk_pin rise@83.333ns - sys_clk_pin rise@0.000ns)
  Data Path Delay:        3.806ns  (logic 0.766ns (20.126%)  route 3.040ns (79.874%))
  Logic Levels:           2  (LUT5=1 LUT6=1)
  Clock Path Skew:        -0.027ns (DCD - SCD + CPR)
    Destination Clock Delay (DCD):    4.846ns = ( 88.179 - 83.333 ) 
    Source Clock Delay      (SCD):    5.145ns
    Clock Pessimism Removal (CPR):    0.272ns
  Clock Uncertainty:      0.035ns  ((TSJ^2 + TIJ^2)^1/2 + DJ) / 2 + PE
    Total System Jitter     (TSJ):    0.071ns
    Total Input Jitter      (TIJ):    0.000ns
    Discrete Jitter          (DJ):    0.000ns
    Phase Error              (PE):    0.000ns

    Location             Delay type                Incr(ns)  Path(ns)    Netlist Resource(s)
  -------------------------------------------------------------------    -------------------
                         (clock sys_clk_pin rise edge)
                                                      0.000     0.000 r  
    F14                                               0.000     0.000 r  CLK (IN)
                         net (fo=0)                   0.000     0.000    CLK
    F14                  IBUF (Prop_ibuf_I_O)         1.458     1.458 r  CLK_IBUF_inst/O
                         net (fo=1, routed)           1.972     3.430    CLK_IBUF
    BUFGCTRL_X0Y16       BUFG (Prop_bufg_I_O)         0.096     3.526 r  CLK_IBUF_BUFG_inst/O
                         net (fo=54, routed)          1.619     5.145    d0/CLK
    SLICE_X2Y63          FDRE                                         r  d0/cnt22_reg[8]/C
  -------------------------------------------------------------------    -------------------
    SLICE_X2Y63          FDRE (Prop_fdre_C_Q)         0.518     5.663 r  d0/cnt22_reg[8]/Q
                         net (fo=2, routed)           1.231     6.894    d0/cnt22_reg[8]
    SLICE_X3Y62          LUT6 (Prop_lut6_I0_O)        0.124     7.018 r  d0/ff1_i_5/O
                         net (fo=4, routed)           0.596     7.614    d0/ff1_i_5_n_0
    SLICE_X1Y62          LUT5 (Prop_lut5_I1_O)        0.124     7.738 r  d0/cnt22[0]_i_1/O
                         net (fo=22, routed)          1.213     8.951    d0/cnt22[0]_i_1_n_0
    SLICE_X2Y66          FDRE                                         r  d0/cnt22_reg[21]/R
  -------------------------------------------------------------------    -------------------

                         (clock sys_clk_pin rise edge)
                                                     83.333    83.333 r  
    F14                                               0.000    83.333 r  CLK (IN)
                         net (fo=0)                   0.000    83.333    CLK
    F14                  IBUF (Prop_ibuf_I_O)         1.388    84.721 r  CLK_IBUF_inst/O
                         net (fo=1, routed)           1.868    86.589    CLK_IBUF
    BUFGCTRL_X0Y16       BUFG (Prop_bufg_I_O)         0.091    86.680 r  CLK_IBUF_BUFG_inst/O
                         net (fo=54, routed)          1.499    88.179    d0/CLK
    SLICE_X2Y66          FDRE                                         r  d0/cnt22_reg[21]/C
                         clock pessimism              0.272    88.451    
                         clock uncertainty           -0.035    88.416    
    SLICE_X2Y66          FDRE (Setup_fdre_C_R)       -0.524    87.892    d0/cnt22_reg[21]
  -------------------------------------------------------------------
                         required time                         87.892    
                         arrival time                          -8.951    
  -------------------------------------------------------------------
                         slack                                 78.941    

Slack (MET) :             79.080ns  (required time - arrival time)
  Source:                 d0/cnt22_reg[8]/C
                            (rising edge-triggered cell FDRE clocked by sys_clk_pin  {rise@0.000ns fall@41.667ns period=83.333ns})
  Destination:            d0/cnt22_reg[16]/R
                            (rising edge-triggered cell FDRE clocked by sys_clk_pin  {rise@0.000ns fall@41.667ns period=83.333ns})
  Path Group:             sys_clk_pin
  Path Type:              Setup (Max at Slow Process Corner)
  Requirement:            83.333ns  (sys_clk_pin rise@83.333ns - sys_clk_pin rise@0.000ns)
  Data Path Delay:        3.668ns  (logic 0.766ns (20.885%)  route 2.902ns (79.115%))
  Logic Levels:           2  (LUT5=1 LUT6=1)
  Clock Path Skew:        -0.026ns (DCD - SCD + CPR)
    Destination Clock Delay (DCD):    4.847ns = ( 88.180 - 83.333 ) 
    Source Clock Delay      (SCD):    5.145ns
    Clock Pessimism Removal (CPR):    0.272ns
  Clock Uncertainty:      0.035ns  ((TSJ^2 + TIJ^2)^1/2 + DJ) / 2 + PE
    Total System Jitter     (TSJ):    0.071ns
    Total Input Jitter      (TIJ):    0.000ns
    Discrete Jitter          (DJ):    0.000ns
    Phase Error              (PE):    0.000ns

    Location             Delay type                Incr(ns)  Path(ns)    Netlist Resource(s)
  -------------------------------------------------------------------    -------------------
                         (clock sys_clk_pin rise edge)
                                                      0.000     0.000 r  
    F14                                               0.000     0.000 r  CLK (IN)
                         net (fo=0)                   0.000     0.000    CLK
    F14                  IBUF (Prop_ibuf_I_O)         1.458     1.458 r  CLK_IBUF_inst/O
                         net (fo=1, routed)           1.972     3.430    CLK_IBUF
    BUFGCTRL_X0Y16       BUFG (Prop_bufg_I_O)         0.096     3.526 r  CLK_IBUF_BUFG_inst/O
                         net (fo=54, routed)          1.619     5.145    d0/CLK
    SLICE_X2Y63          FDRE                                         r  d0/cnt22_reg[8]/C
  -------------------------------------------------------------------    -------------------
    SLICE_X2Y63          FDRE (Prop_fdre_C_Q)         0.518     5.663 r  d0/cnt22_reg[8]/Q
                         net (fo=2, routed)           1.231     6.894    d0/cnt22_reg[8]
    SLICE_X3Y62          LUT6 (Prop_lut6_I0_O)        0.124     7.018 r  d0/ff1_i_5/O
                         net (fo=4, routed)           0.596     7.614    d0/ff1_i_5_n_0
    SLICE_X1Y62          LUT5 (Prop_lut5_I1_O)        0.124     7.738 r  d0/cnt22[0]_i_1/O
                         net (fo=22, routed)          1.075     8.813    d0/cnt22[0]_i_1_n_0
    SLICE_X2Y65          FDRE                                         r  d0/cnt22_reg[16]/R
  -------------------------------------------------------------------    -------------------

                         (clock sys_clk_pin rise edge)
                                                     83.333    83.333 r  
    F14                                               0.000    83.333 r  CLK (IN)
                         net (fo=0)                   0.000    83.333    CLK
    F14                  IBUF (Prop_ibuf_I_O)         1.388    84.721 r  CLK_IBUF_inst/O
                         net (fo=1, routed)           1.868    86.589    CLK_IBUF
    BUFGCTRL_X0Y16       BUFG (Prop_bufg_I_O)         0.091    86.680 r  CLK_IBUF_BUFG_inst/O
                         net (fo=54, routed)          1.500    88.180    d0/CLK
    SLICE_X2Y65          FDRE                                         r  d0/cnt22_reg[16]/C
                         clock pessimism              0.272    88.452    
                         clock uncertainty           -0.035    88.417    
    SLICE_X2Y65          FDRE (Setup_fdre_C_R)       -0.524    87.893    d0/cnt22_reg[16]
  -------------------------------------------------------------------
                         required time                         87.893    
                         arrival time                          -8.813    
  -------------------------------------------------------------------
                         slack                                 79.080    

Slack (MET) :             79.080ns  (required time - arrival time)
  Source:                 d0/cnt22_reg[8]/C
                            (rising edge-triggered cell FDRE clocked by sys_clk_pin  {rise@0.000ns fall@41.667ns period=83.333ns})
  Destination:            d0/cnt22_reg[17]/R
                            (rising edge-triggered cell FDRE clocked by sys_clk_pin  {rise@0.000ns fall@41.667ns period=83.333ns})
  Path Group:             sys_clk_pin
  Path Type:              Setup (Max at Slow Process Corner)
  Requirement:            83.333ns  (sys_clk_pin rise@83.333ns - sys_clk_pin rise@0.000ns)
  Data Path Delay:        3.668ns  (logic 0.766ns (20.885%)  route 2.902ns (79.115%))
  Logic Levels:           2  (LUT5=1 LUT6=1)
  Clock Path Skew:        -0.026ns (DCD - SCD + CPR)
    Destination Clock Delay (DCD):    4.847ns = ( 88.180 - 83.333 ) 
    Source Clock Delay      (SCD):    5.145ns
    Clock Pessimism Removal (CPR):    0.272ns
  Clock Uncertainty:      0.035ns  ((TSJ^2 + TIJ^2)^1/2 + DJ) / 2 + PE
    Total System Jitter     (TSJ):    0.071ns
    Total Input Jitter      (TIJ):    0.000ns
    Discrete Jitter          (DJ):    0.000ns
    Phase Error              (PE):    0.000ns

    Location             Delay type                Incr(ns)  Path(ns)    Netlist Resource(s)
  -------------------------------------------------------------------    -------------------
                         (clock sys_clk_pin rise edge)
                                                      0.000     0.000 r  
    F14                                               0.000     0.000 r  CLK (IN)
                         net (fo=0)                   0.000     0.000    CLK
    F14                  IBUF (Prop_ibuf_I_O)         1.458     1.458 r  CLK_IBUF_inst/O
                         net (fo=1, routed)           1.972     3.430    CLK_IBUF
    BUFGCTRL_X0Y16       BUFG (Prop_bufg_I_O)         0.096     3.526 r  CLK_IBUF_BUFG_inst/O
                         net (fo=54, routed)          1.619     5.145    d0/CLK
    SLICE_X2Y63          FDRE                                         r  d0/cnt22_reg[8]/C
  -------------------------------------------------------------------    -------------------
    SLICE_X2Y63          FDRE (Prop_fdre_C_Q)         0.518     5.663 r  d0/cnt22_reg[8]/Q
                         net (fo=2, routed)           1.231     6.894    d0/cnt22_reg[8]
    SLICE_X3Y62          LUT6 (Prop_lut6_I0_O)        0.124     7.018 r  d0/ff1_i_5/O
                         net (fo=4, routed)           0.596     7.614    d0/ff1_i_5_n_0
    SLICE_X1Y62          LUT5 (Prop_lut5_I1_O)        0.124     7.738 r  d0/cnt22[0]_i_1/O
                         net (fo=22, routed)          1.075     8.813    d0/cnt22[0]_i_1_n_0
    SLICE_X2Y65          FDRE                                         r  d0/cnt22_reg[17]/R
  -------------------------------------------------------------------    -------------------

                         (clock sys_clk_pin rise edge)
                                                     83.333    83.333 r  
    F14                                               0.000    83.333 r  CLK (IN)
                         net (fo=0)                   0.000    83.333    CLK
    F14                  IBUF (Prop_ibuf_I_O)         1.388    84.721 r  CLK_IBUF_inst/O
                         net (fo=1, routed)           1.868    86.589    CLK_IBUF
    BUFGCTRL_X0Y16       BUFG (Prop_bufg_I_O)         0.091    86.680 r  CLK_IBUF_BUFG_inst/O
                         net (fo=54, routed)          1.500    88.180    d0/CLK
    SLICE_X2Y65          FDRE                                         r  d0/cnt22_reg[17]/C
                         clock pessimism              0.272    88.452    
                         clock uncertainty           -0.035    88.417    
    SLICE_X2Y65          FDRE (Setup_fdre_C_R)       -0.524    87.893    d0/cnt22_reg[17]
  -------------------------------------------------------------------
                         required time                         87.893    
                         arrival time                          -8.813    
  -------------------------------------------------------------------
                         slack                                 79.080    

Slack (MET) :             79.080ns  (required time - arrival time)
  Source:                 d0/cnt22_reg[8]/C
                            (rising edge-triggered cell FDRE clocked by sys_clk_pin  {rise@0.000ns fall@41.667ns period=83.333ns})
  Destination:            d0/cnt22_reg[18]/R
                            (rising edge-triggered cell FDRE clocked by sys_clk_pin  {rise@0.000ns fall@41.667ns period=83.333ns})
  Path Group:             sys_clk_pin
  Path Type:              Setup (Max at Slow Process Corner)
  Requirement:            83.333ns  (sys_clk_pin rise@83.333ns - sys_clk_pin rise@0.000ns)
  Data Path Delay:        3.668ns  (logic 0.766ns (20.885%)  route 2.902ns (79.115%))
  Logic Levels:           2  (LUT5=1 LUT6=1)
  Clock Path Skew:        -0.026ns (DCD - SCD + CPR)
    Destination Clock Delay (DCD):    4.847ns = ( 88.180 - 83.333 ) 
    Source Clock Delay      (SCD):    5.145ns
    Clock Pessimism Removal (CPR):    0.272ns
  Clock Uncertainty:      0.035ns  ((TSJ^2 + TIJ^2)^1/2 + DJ) / 2 + PE
    Total System Jitter     (TSJ):    0.071ns
    Total Input Jitter      (TIJ):    0.000ns
    Discrete Jitter          (DJ):    0.000ns
    Phase Error              (PE):    0.000ns

    Location             Delay type                Incr(ns)  Path(ns)    Netlist Resource(s)
  -------------------------------------------------------------------    -------------------
                         (clock sys_clk_pin rise edge)
                                                      0.000     0.000 r  
    F14                                               0.000     0.000 r  CLK (IN)
                         net (fo=0)                   0.000     0.000    CLK
    F14                  IBUF (Prop_ibuf_I_O)         1.458     1.458 r  CLK_IBUF_inst/O
                         net (fo=1, routed)           1.972     3.430    CLK_IBUF
    BUFGCTRL_X0Y16       BUFG (Prop_bufg_I_O)         0.096     3.526 r  CLK_IBUF_BUFG_inst/O
                         net (fo=54, routed)          1.619     5.145    d0/CLK
    SLICE_X2Y63          FDRE                                         r  d0/cnt22_reg[8]/C
  -------------------------------------------------------------------    -------------------
    SLICE_X2Y63          FDRE (Prop_fdre_C_Q)         0.518     5.663 r  d0/cnt22_reg[8]/Q
                         net (fo=2, routed)           1.231     6.894    d0/cnt22_reg[8]
    SLICE_X3Y62          LUT6 (Prop_lut6_I0_O)        0.124     7.018 r  d0/ff1_i_5/O
                         net (fo=4, routed)           0.596     7.614    d0/ff1_i_5_n_0
    SLICE_X1Y62          LUT5 (Prop_lut5_I1_O)        0.124     7.738 r  d0/cnt22[0]_i_1/O
                         net (fo=22, routed)          1.075     8.813    d0/cnt22[0]_i_1_n_0
    SLICE_X2Y65          FDRE                                         r  d0/cnt22_reg[18]/R
  -------------------------------------------------------------------    -------------------

                         (clock sys_clk_pin rise edge)
                                                     83.333    83.333 r  
    F14                                               0.000    83.333 r  CLK (IN)
                         net (fo=0)                   0.000    83.333    CLK
    F14                  IBUF (Prop_ibuf_I_O)         1.388    84.721 r  CLK_IBUF_inst/O
                         net (fo=1, routed)           1.868    86.589    CLK_IBUF
    BUFGCTRL_X0Y16       BUFG (Prop_bufg_I_O)         0.091    86.680 r  CLK_IBUF_BUFG_inst/O
                         net (fo=54, routed)          1.500    88.180    d0/CLK
    SLICE_X2Y65          FDRE                                         r  d0/cnt22_reg[18]/C
                         clock pessimism              0.272    88.452    
                         clock uncertainty           -0.035    88.417    
    SLICE_X2Y65          FDRE (Setup_fdre_C_R)       -0.524    87.893    d0/cnt22_reg[18]
  -------------------------------------------------------------------
                         required time                         87.893    
                         arrival time                          -8.813    
  -------------------------------------------------------------------
                         slack                                 79.080    

Slack (MET) :             79.080ns  (required time - arrival time)
  Source:                 d0/cnt22_reg[8]/C
                            (rising edge-triggered cell FDRE clocked by sys_clk_pin  {rise@0.000ns fall@41.667ns period=83.333ns})
  Destination:            d0/cnt22_reg[19]/R
                            (rising edge-triggered cell FDRE clocked by sys_clk_pin  {rise@0.000ns fall@41.667ns period=83.333ns})
  Path Group:             sys_clk_pin
  Path Type:              Setup (Max at Slow Process Corner)
  Requirement:            83.333ns  (sys_clk_pin rise@83.333ns - sys_clk_pin rise@0.000ns)
  Data Path Delay:        3.668ns  (logic 0.766ns (20.885%)  route 2.902ns (79.115%))
  Logic Levels:           2  (LUT5=1 LUT6=1)
  Clock Path Skew:        -0.026ns (DCD - SCD + CPR)
    Destination Clock Delay (DCD):    4.847ns = ( 88.180 - 83.333 ) 
    Source Clock Delay      (SCD):    5.145ns
    Clock Pessimism Removal (CPR):    0.272ns
  Clock Uncertainty:      0.035ns  ((TSJ^2 + TIJ^2)^1/2 + DJ) / 2 + PE
    Total System Jitter     (TSJ):    0.071ns
    Total Input Jitter      (TIJ):    0.000ns
    Discrete Jitter          (DJ):    0.000ns
    Phase Error              (PE):    0.000ns

    Location             Delay type                Incr(ns)  Path(ns)    Netlist Resource(s)
  -------------------------------------------------------------------    -------------------
                         (clock sys_clk_pin rise edge)
                                                      0.000     0.000 r  
    F14                                               0.000     0.000 r  CLK (IN)
                         net (fo=0)                   0.000     0.000    CLK
    F14                  IBUF (Prop_ibuf_I_O)         1.458     1.458 r  CLK_IBUF_inst/O
                         net (fo=1, routed)           1.972     3.430    CLK_IBUF
    BUFGCTRL_X0Y16       BUFG (Prop_bufg_I_O)         0.096     3.526 r  CLK_IBUF_BUFG_inst/O
                         net (fo=54, routed)          1.619     5.145    d0/CLK
    SLICE_X2Y63          FDRE                                         r  d0/cnt22_reg[8]/C
  -------------------------------------------------------------------    -------------------
    SLICE_X2Y63          FDRE (Prop_fdre_C_Q)         0.518     5.663 r  d0/cnt22_reg[8]/Q
                         net (fo=2, routed)           1.231     6.894    d0/cnt22_reg[8]
    SLICE_X3Y62          LUT6 (Prop_lut6_I0_O)        0.124     7.018 r  d0/ff1_i_5/O
                         net (fo=4, routed)           0.596     7.614    d0/ff1_i_5_n_0
    SLICE_X1Y62          LUT5 (Prop_lut5_I1_O)        0.124     7.738 r  d0/cnt22[0]_i_1/O
                         net (fo=22, routed)          1.075     8.813    d0/cnt22[0]_i_1_n_0
    SLICE_X2Y65          FDRE                                         r  d0/cnt22_reg[19]/R
  -------------------------------------------------------------------    -------------------

                         (clock sys_clk_pin rise edge)
                                                     83.333    83.333 r  
    F14                                               0.000    83.333 r  CLK (IN)
                         net (fo=0)                   0.000    83.333    CLK
    F14                  IBUF (Prop_ibuf_I_O)         1.388    84.721 r  CLK_IBUF_inst/O
                         net (fo=1, routed)           1.868    86.589    CLK_IBUF
    BUFGCTRL_X0Y16       BUFG (Prop_bufg_I_O)         0.091    86.680 r  CLK_IBUF_BUFG_inst/O
                         net (fo=54, routed)          1.500    88.180    d0/CLK
    SLICE_X2Y65          FDRE                                         r  d0/cnt22_reg[19]/C
                         clock pessimism              0.272    88.452    
                         clock uncertainty           -0.035    88.417    
    SLICE_X2Y65          FDRE (Setup_fdre_C_R)       -0.524    87.893    d0/cnt22_reg[19]
  -------------------------------------------------------------------
                         required time                         87.893    
                         arrival time                          -8.813    
  -------------------------------------------------------------------
                         slack                                 79.080    

Slack (MET) :             79.229ns  (required time - arrival time)
  Source:                 d0/cnt22_reg[8]/C
                            (rising edge-triggered cell FDRE clocked by sys_clk_pin  {rise@0.000ns fall@41.667ns period=83.333ns})
  Destination:            d0/cnt22_reg[12]/R
                            (rising edge-triggered cell FDRE clocked by sys_clk_pin  {rise@0.000ns fall@41.667ns period=83.333ns})
  Path Group:             sys_clk_pin
  Path Type:              Setup (Max at Slow Process Corner)
  Requirement:            83.333ns  (sys_clk_pin rise@83.333ns - sys_clk_pin rise@0.000ns)
  Data Path Delay:        3.519ns  (logic 0.766ns (21.765%)  route 2.753ns (78.235%))
  Logic Levels:           2  (LUT5=1 LUT6=1)
  Clock Path Skew:        -0.025ns (DCD - SCD + CPR)
    Destination Clock Delay (DCD):    4.848ns = ( 88.181 - 83.333 ) 
    Source Clock Delay      (SCD):    5.145ns
    Clock Pessimism Removal (CPR):    0.272ns
  Clock Uncertainty:      0.035ns  ((TSJ^2 + TIJ^2)^1/2 + DJ) / 2 + PE
    Total System Jitter     (TSJ):    0.071ns
    Total Input Jitter      (TIJ):    0.000ns
    Discrete Jitter          (DJ):    0.000ns
    Phase Error              (PE):    0.000ns

    Location             Delay type                Incr(ns)  Path(ns)    Netlist Resource(s)
  -------------------------------------------------------------------    -------------------
                         (clock sys_clk_pin rise edge)
                                                      0.000     0.000 r  
    F14                                               0.000     0.000 r  CLK (IN)
                         net (fo=0)                   0.000     0.000    CLK
    F14                  IBUF (Prop_ibuf_I_O)         1.458     1.458 r  CLK_IBUF_inst/O
                         net (fo=1, routed)           1.972     3.430    CLK_IBUF
    BUFGCTRL_X0Y16       BUFG (Prop_bufg_I_O)         0.096     3.526 r  CLK_IBUF_BUFG_inst/O
                         net (fo=54, routed)          1.619     5.145    d0/CLK
    SLICE_X2Y63          FDRE                                         r  d0/cnt22_reg[8]/C
  -------------------------------------------------------------------    -------------------
    SLICE_X2Y63          FDRE (Prop_fdre_C_Q)         0.518     5.663 r  d0/cnt22_reg[8]/Q
                         net (fo=2, routed)           1.231     6.894    d0/cnt22_reg[8]
    SLICE_X3Y62          LUT6 (Prop_lut6_I0_O)        0.124     7.018 r  d0/ff1_i_5/O
                         net (fo=4, routed)           0.596     7.614    d0/ff1_i_5_n_0
    SLICE_X1Y62          LUT5 (Prop_lut5_I1_O)        0.124     7.738 r  d0/cnt22[0]_i_1/O
                         net (fo=22, routed)          0.926     8.664    d0/cnt22[0]_i_1_n_0
    SLICE_X2Y64          FDRE                                         r  d0/cnt22_reg[12]/R
  -------------------------------------------------------------------    -------------------

                         (clock sys_clk_pin rise edge)
                                                     83.333    83.333 r  
    F14                                               0.000    83.333 r  CLK (IN)
                         net (fo=0)                   0.000    83.333    CLK
    F14                  IBUF (Prop_ibuf_I_O)         1.388    84.721 r  CLK_IBUF_inst/O
                         net (fo=1, routed)           1.868    86.589    CLK_IBUF
    BUFGCTRL_X0Y16       BUFG (Prop_bufg_I_O)         0.091    86.680 r  CLK_IBUF_BUFG_inst/O
                         net (fo=54, routed)          1.501    88.181    d0/CLK
    SLICE_X2Y64          FDRE                                         r  d0/cnt22_reg[12]/C
                         clock pessimism              0.272    88.453    
                         clock uncertainty           -0.035    88.418    
    SLICE_X2Y64          FDRE (Setup_fdre_C_R)       -0.524    87.894    d0/cnt22_reg[12]
  -------------------------------------------------------------------
                         required time                         87.894    
                         arrival time                          -8.664    
  -------------------------------------------------------------------
                         slack                                 79.229    

Slack (MET) :             79.229ns  (required time - arrival time)
  Source:                 d0/cnt22_reg[8]/C
                            (rising edge-triggered cell FDRE clocked by sys_clk_pin  {rise@0.000ns fall@41.667ns period=83.333ns})
  Destination:            d0/cnt22_reg[13]/R
                            (rising edge-triggered cell FDRE clocked by sys_clk_pin  {rise@0.000ns fall@41.667ns period=83.333ns})
  Path Group:             sys_clk_pin
  Path Type:              Setup (Max at Slow Process Corner)
  Requirement:            83.333ns  (sys_clk_pin rise@83.333ns - sys_clk_pin rise@0.000ns)
  Data Path Delay:        3.519ns  (logic 0.766ns (21.765%)  route 2.753ns (78.235%))
  Logic Levels:           2  (LUT5=1 LUT6=1)
  Clock Path Skew:        -0.025ns (DCD - SCD + CPR)
    Destination Clock Delay (DCD):    4.848ns = ( 88.181 - 83.333 ) 
    Source Clock Delay      (SCD):    5.145ns
    Clock Pessimism Removal (CPR):    0.272ns
  Clock Uncertainty:      0.035ns  ((TSJ^2 + TIJ^2)^1/2 + DJ) / 2 + PE
    Total System Jitter     (TSJ):    0.071ns
    Total Input Jitter      (TIJ):    0.000ns
    Discrete Jitter          (DJ):    0.000ns
    Phase Error              (PE):    0.000ns

    Location             Delay type                Incr(ns)  Path(ns)    Netlist Resource(s)
  -------------------------------------------------------------------    -------------------
                         (clock sys_clk_pin rise edge)
                                                      0.000     0.000 r  
    F14                                               0.000     0.000 r  CLK (IN)
                         net (fo=0)                   0.000     0.000    CLK
    F14                  IBUF (Prop_ibuf_I_O)         1.458     1.458 r  CLK_IBUF_inst/O
                         net (fo=1, routed)           1.972     3.430    CLK_IBUF
    BUFGCTRL_X0Y16       BUFG (Prop_bufg_I_O)         0.096     3.526 r  CLK_IBUF_BUFG_inst/O
                         net (fo=54, routed)          1.619     5.145    d0/CLK
    SLICE_X2Y63          FDRE                                         r  d0/cnt22_reg[8]/C
  -------------------------------------------------------------------    -------------------
    SLICE_X2Y63          FDRE (Prop_fdre_C_Q)         0.518     5.663 r  d0/cnt22_reg[8]/Q
                         net (fo=2, routed)           1.231     6.894    d0/cnt22_reg[8]
    SLICE_X3Y62          LUT6 (Prop_lut6_I0_O)        0.124     7.018 r  d0/ff1_i_5/O
                         net (fo=4, routed)           0.596     7.614    d0/ff1_i_5_n_0
    SLICE_X1Y62          LUT5 (Prop_lut5_I1_O)        0.124     7.738 r  d0/cnt22[0]_i_1/O
                         net (fo=22, routed)          0.926     8.664    d0/cnt22[0]_i_1_n_0
    SLICE_X2Y64          FDRE                                         r  d0/cnt22_reg[13]/R
  -------------------------------------------------------------------    -------------------

                         (clock sys_clk_pin rise edge)
                                                     83.333    83.333 r  
    F14                                               0.000    83.333 r  CLK (IN)
                         net (fo=0)                   0.000    83.333    CLK
    F14                  IBUF (Prop_ibuf_I_O)         1.388    84.721 r  CLK_IBUF_inst/O
                         net (fo=1, routed)           1.868    86.589    CLK_IBUF
    BUFGCTRL_X0Y16       BUFG (Prop_bufg_I_O)         0.091    86.680 r  CLK_IBUF_BUFG_inst/O
                         net (fo=54, routed)          1.501    88.181    d0/CLK
    SLICE_X2Y64          FDRE                                         r  d0/cnt22_reg[13]/C
                         clock pessimism              0.272    88.453    
                         clock uncertainty           -0.035    88.418    
    SLICE_X2Y64          FDRE (Setup_fdre_C_R)       -0.524    87.894    d0/cnt22_reg[13]
  -------------------------------------------------------------------
                         required time                         87.894    
                         arrival time                          -8.664    
  -------------------------------------------------------------------
                         slack                                 79.229    

Slack (MET) :             79.229ns  (required time - arrival time)
  Source:                 d0/cnt22_reg[8]/C
                            (rising edge-triggered cell FDRE clocked by sys_clk_pin  {rise@0.000ns fall@41.667ns period=83.333ns})
  Destination:            d0/cnt22_reg[14]/R
                            (rising edge-triggered cell FDRE clocked by sys_clk_pin  {rise@0.000ns fall@41.667ns period=83.333ns})
  Path Group:             sys_clk_pin
  Path Type:              Setup (Max at Slow Process Corner)
  Requirement:            83.333ns  (sys_clk_pin rise@83.333ns - sys_clk_pin rise@0.000ns)
  Data Path Delay:        3.519ns  (logic 0.766ns (21.765%)  route 2.753ns (78.235%))
  Logic Levels:           2  (LUT5=1 LUT6=1)
  Clock Path Skew:        -0.025ns (DCD - SCD + CPR)
    Destination Clock Delay (DCD):    4.848ns = ( 88.181 - 83.333 ) 
    Source Clock Delay      (SCD):    5.145ns
    Clock Pessimism Removal (CPR):    0.272ns
  Clock Uncertainty:      0.035ns  ((TSJ^2 + TIJ^2)^1/2 + DJ) / 2 + PE
    Total System Jitter     (TSJ):    0.071ns
    Total Input Jitter      (TIJ):    0.000ns
    Discrete Jitter          (DJ):    0.000ns
    Phase Error              (PE):    0.000ns

    Location             Delay type                Incr(ns)  Path(ns)    Netlist Resource(s)
  -------------------------------------------------------------------    -------------------
                         (clock sys_clk_pin rise edge)
                                                      0.000     0.000 r  
    F14                                               0.000     0.000 r  CLK (IN)
                         net (fo=0)                   0.000     0.000    CLK
    F14                  IBUF (Prop_ibuf_I_O)         1.458     1.458 r  CLK_IBUF_inst/O
                         net (fo=1, routed)           1.972     3.430    CLK_IBUF
    BUFGCTRL_X0Y16       BUFG (Prop_bufg_I_O)         0.096     3.526 r  CLK_IBUF_BUFG_inst/O
                         net (fo=54, routed)          1.619     5.145    d0/CLK
    SLICE_X2Y63          FDRE                                         r  d0/cnt22_reg[8]/C
  -------------------------------------------------------------------    -------------------
    SLICE_X2Y63          FDRE (Prop_fdre_C_Q)         0.518     5.663 r  d0/cnt22_reg[8]/Q
                         net (fo=2, routed)           1.231     6.894    d0/cnt22_reg[8]
    SLICE_X3Y62          LUT6 (Prop_lut6_I0_O)        0.124     7.018 r  d0/ff1_i_5/O
                         net (fo=4, routed)           0.596     7.614    d0/ff1_i_5_n_0
    SLICE_X1Y62          LUT5 (Prop_lut5_I1_O)        0.124     7.738 r  d0/cnt22[0]_i_1/O
                         net (fo=22, routed)          0.926     8.664    d0/cnt22[0]_i_1_n_0
    SLICE_X2Y64          FDRE                                         r  d0/cnt22_reg[14]/R
  -------------------------------------------------------------------    -------------------

                         (clock sys_clk_pin rise edge)
                                                     83.333    83.333 r  
    F14                                               0.000    83.333 r  CLK (IN)
                         net (fo=0)                   0.000    83.333    CLK
    F14                  IBUF (Prop_ibuf_I_O)         1.388    84.721 r  CLK_IBUF_inst/O
                         net (fo=1, routed)           1.868    86.589    CLK_IBUF
    BUFGCTRL_X0Y16       BUFG (Prop_bufg_I_O)         0.091    86.680 r  CLK_IBUF_BUFG_inst/O
                         net (fo=54, routed)          1.501    88.181    d0/CLK
    SLICE_X2Y64          FDRE                                         r  d0/cnt22_reg[14]/C
                         clock pessimism              0.272    88.453    
                         clock uncertainty           -0.035    88.418    
    SLICE_X2Y64          FDRE (Setup_fdre_C_R)       -0.524    87.894    d0/cnt22_reg[14]
  -------------------------------------------------------------------
                         required time                         87.894    
                         arrival time                          -8.664    
  -------------------------------------------------------------------
                         slack                                 79.229    

Slack (MET) :             79.229ns  (required time - arrival time)
  Source:                 d0/cnt22_reg[8]/C
                            (rising edge-triggered cell FDRE clocked by sys_clk_pin  {rise@0.000ns fall@41.667ns period=83.333ns})
  Destination:            d0/cnt22_reg[15]/R
                            (rising edge-triggered cell FDRE clocked by sys_clk_pin  {rise@0.000ns fall@41.667ns period=83.333ns})
  Path Group:             sys_clk_pin
  Path Type:              Setup (Max at Slow Process Corner)
  Requirement:            83.333ns  (sys_clk_pin rise@83.333ns - sys_clk_pin rise@0.000ns)
  Data Path Delay:        3.519ns  (logic 0.766ns (21.765%)  route 2.753ns (78.235%))
  Logic Levels:           2  (LUT5=1 LUT6=1)
  Clock Path Skew:        -0.025ns (DCD - SCD + CPR)
    Destination Clock Delay (DCD):    4.848ns = ( 88.181 - 83.333 ) 
    Source Clock Delay      (SCD):    5.145ns
    Clock Pessimism Removal (CPR):    0.272ns
  Clock Uncertainty:      0.035ns  ((TSJ^2 + TIJ^2)^1/2 + DJ) / 2 + PE
    Total System Jitter     (TSJ):    0.071ns
    Total Input Jitter      (TIJ):    0.000ns
    Discrete Jitter          (DJ):    0.000ns
    Phase Error              (PE):    0.000ns

    Location             Delay type                Incr(ns)  Path(ns)    Netlist Resource(s)
  -------------------------------------------------------------------    -------------------
                         (clock sys_clk_pin rise edge)
                                                      0.000     0.000 r  
    F14                                               0.000     0.000 r  CLK (IN)
                         net (fo=0)                   0.000     0.000    CLK
    F14                  IBUF (Prop_ibuf_I_O)         1.458     1.458 r  CLK_IBUF_inst/O
                         net (fo=1, routed)           1.972     3.430    CLK_IBUF
    BUFGCTRL_X0Y16       BUFG (Prop_bufg_I_O)         0.096     3.526 r  CLK_IBUF_BUFG_inst/O
                         net (fo=54, routed)          1.619     5.145    d0/CLK
    SLICE_X2Y63          FDRE                                         r  d0/cnt22_reg[8]/C
  -------------------------------------------------------------------    -------------------
    SLICE_X2Y63          FDRE (Prop_fdre_C_Q)         0.518     5.663 r  d0/cnt22_reg[8]/Q
                         net (fo=2, routed)           1.231     6.894    d0/cnt22_reg[8]
    SLICE_X3Y62          LUT6 (Prop_lut6_I0_O)        0.124     7.018 r  d0/ff1_i_5/O
                         net (fo=4, routed)           0.596     7.614    d0/ff1_i_5_n_0
    SLICE_X1Y62          LUT5 (Prop_lut5_I1_O)        0.124     7.738 r  d0/cnt22[0]_i_1/O
                         net (fo=22, routed)          0.926     8.664    d0/cnt22[0]_i_1_n_0
    SLICE_X2Y64          FDRE                                         r  d0/cnt22_reg[15]/R
  -------------------------------------------------------------------    -------------------

                         (clock sys_clk_pin rise edge)
                                                     83.333    83.333 r  
    F14                                               0.000    83.333 r  CLK (IN)
                         net (fo=0)                   0.000    83.333    CLK
    F14                  IBUF (Prop_ibuf_I_O)         1.388    84.721 r  CLK_IBUF_inst/O
                         net (fo=1, routed)           1.868    86.589    CLK_IBUF
    BUFGCTRL_X0Y16       BUFG (Prop_bufg_I_O)         0.091    86.680 r  CLK_IBUF_BUFG_inst/O
                         net (fo=54, routed)          1.501    88.181    d0/CLK
    SLICE_X2Y64          FDRE                                         r  d0/cnt22_reg[15]/C
                         clock pessimism              0.272    88.453    
                         clock uncertainty           -0.035    88.418    
    SLICE_X2Y64          FDRE (Setup_fdre_C_R)       -0.524    87.894    d0/cnt22_reg[15]
  -------------------------------------------------------------------
                         required time                         87.894    
                         arrival time                          -8.664    
  -------------------------------------------------------------------
                         slack                                 79.229    





Min Delay Paths
--------------------------------------------------------------------------------------
Slack (MET) :             0.202ns  (arrival time - required time)
  Source:                 cnt3_reg[0]/C
                            (rising edge-triggered cell FDRE clocked by sys_clk_pin  {rise@0.000ns fall@41.667ns period=83.333ns})
  Destination:            cnt3_reg[2]/D
                            (rising edge-triggered cell FDRE clocked by sys_clk_pin  {rise@0.000ns fall@41.667ns period=83.333ns})
  Path Group:             sys_clk_pin
  Path Type:              Hold (Min at Fast Process Corner)
  Requirement:            0.000ns  (sys_clk_pin rise@0.000ns - sys_clk_pin rise@0.000ns)
  Data Path Delay:        0.322ns  (logic 0.190ns (58.968%)  route 0.132ns (41.032%))
  Logic Levels:           1  (LUT3=1)
  Clock Path Skew:        0.013ns (DCD - SCD - CPR)
    Destination Clock Delay (DCD):    1.983ns
    Source Clock Delay      (SCD):    1.469ns
    Clock Pessimism Removal (CPR):    0.501ns

    Location             Delay type                Incr(ns)  Path(ns)    Netlist Resource(s)
  -------------------------------------------------------------------    -------------------
                         (clock sys_clk_pin rise edge)
                                                      0.000     0.000 r  
    F14                                               0.000     0.000 r  CLK (IN)
                         net (fo=0)                   0.000     0.000    CLK
    F14                  IBUF (Prop_ibuf_I_O)         0.226     0.226 r  CLK_IBUF_inst/O
                         net (fo=1, routed)           0.634     0.861    CLK_IBUF
    BUFGCTRL_X0Y16       BUFG (Prop_bufg_I_O)         0.026     0.887 r  CLK_IBUF_BUFG_inst/O
                         net (fo=54, routed)          0.583     1.469    CLK_IBUF_BUFG
    SLICE_X1Y69          FDRE                                         r  cnt3_reg[0]/C
  -------------------------------------------------------------------    -------------------
    SLICE_X1Y69          FDRE (Prop_fdre_C_Q)         0.141     1.610 r  cnt3_reg[0]/Q
                         net (fo=7, routed)           0.132     1.743    cnt3[0]
    SLICE_X0Y69          LUT3 (Prop_lut3_I1_O)        0.049     1.792 r  cnt3[2]_i_1/O
                         net (fo=1, routed)           0.000     1.792    cnt3[2]_i_1_n_0
    SLICE_X0Y69          FDRE                                         r  cnt3_reg[2]/D
  -------------------------------------------------------------------    -------------------

                         (clock sys_clk_pin rise edge)
                                                      0.000     0.000 r  
    F14                                               0.000     0.000 r  CLK (IN)
                         net (fo=0)                   0.000     0.000    CLK
    F14                  IBUF (Prop_ibuf_I_O)         0.414     0.414 r  CLK_IBUF_inst/O
                         net (fo=1, routed)           0.689     1.103    CLK_IBUF
    BUFGCTRL_X0Y16       BUFG (Prop_bufg_I_O)         0.029     1.132 r  CLK_IBUF_BUFG_inst/O
                         net (fo=54, routed)          0.851     1.983    CLK_IBUF_BUFG
    SLICE_X0Y69          FDRE                                         r  cnt3_reg[2]/C
                         clock pessimism             -0.501     1.482    
    SLICE_X0Y69          FDRE (Hold_fdre_C_D)         0.107     1.589    cnt3_reg[2]
  -------------------------------------------------------------------
                         required time                         -1.589    
                         arrival time                           1.792    
  -------------------------------------------------------------------
                         slack                                  0.202    

Slack (MET) :             0.206ns  (arrival time - required time)
  Source:                 d0/ff1_reg/C
                            (rising edge-triggered cell FDRE clocked by sys_clk_pin  {rise@0.000ns fall@41.667ns period=83.333ns})
  Destination:            d0/BTNOUT_reg/D
                            (rising edge-triggered cell FDRE clocked by sys_clk_pin  {rise@0.000ns fall@41.667ns period=83.333ns})
  Path Group:             sys_clk_pin
  Path Type:              Hold (Min at Fast Process Corner)
  Requirement:            0.000ns  (sys_clk_pin rise@0.000ns - sys_clk_pin rise@0.000ns)
  Data Path Delay:        0.313ns  (logic 0.186ns (59.393%)  route 0.127ns (40.607%))
  Logic Levels:           1  (LUT6=1)
  Clock Path Skew:        0.016ns (DCD - SCD - CPR)
    Destination Clock Delay (DCD):    1.989ns
    Source Clock Delay      (SCD):    1.473ns
    Clock Pessimism Removal (CPR):    0.500ns

    Location             Delay type                Incr(ns)  Path(ns)    Netlist Resource(s)
  -------------------------------------------------------------------    -------------------
                         (clock sys_clk_pin rise edge)
                                                      0.000     0.000 r  
    F14                                               0.000     0.000 r  CLK (IN)
                         net (fo=0)                   0.000     0.000    CLK
    F14                  IBUF (Prop_ibuf_I_O)         0.226     0.226 r  CLK_IBUF_inst/O
                         net (fo=1, routed)           0.634     0.861    CLK_IBUF
    BUFGCTRL_X0Y16       BUFG (Prop_bufg_I_O)         0.026     0.887 r  CLK_IBUF_BUFG_inst/O
                         net (fo=54, routed)          0.587     1.473    d0/CLK
    SLICE_X0Y63          FDRE                                         r  d0/ff1_reg/C
  -------------------------------------------------------------------    -------------------
    SLICE_X0Y63          FDRE (Prop_fdre_C_Q)         0.141     1.614 r  d0/ff1_reg/Q
                         net (fo=2, routed)           0.127     1.741    d0/ff1
    SLICE_X0Y62          LUT6 (Prop_lut6_I0_O)        0.045     1.786 r  d0/BTNOUT_i_1/O
                         net (fo=1, routed)           0.000     1.786    d0/temp
    SLICE_X0Y62          FDRE                                         r  d0/BTNOUT_reg/D
  -------------------------------------------------------------------    -------------------

                         (clock sys_clk_pin rise edge)
                                                      0.000     0.000 r  
    F14                                               0.000     0.000 r  CLK (IN)
                         net (fo=0)                   0.000     0.000    CLK
    F14                  IBUF (Prop_ibuf_I_O)         0.414     0.414 r  CLK_IBUF_inst/O
                         net (fo=1, routed)           0.689     1.103    CLK_IBUF
    BUFGCTRL_X0Y16       BUFG (Prop_bufg_I_O)         0.029     1.132 r  CLK_IBUF_BUFG_inst/O
                         net (fo=54, routed)          0.858     1.989    d0/CLK
    SLICE_X0Y62          FDRE                                         r  d0/BTNOUT_reg/C
                         clock pessimism             -0.500     1.489    
    SLICE_X0Y62          FDRE (Hold_fdre_C_D)         0.091     1.580    d0/BTNOUT_reg
  -------------------------------------------------------------------
                         required time                         -1.580    
                         arrival time                           1.786    
  -------------------------------------------------------------------
                         slack                                  0.206    

Slack (MET) :             0.213ns  (arrival time - required time)
  Source:                 cnt3_reg[0]/C
                            (rising edge-triggered cell FDRE clocked by sys_clk_pin  {rise@0.000ns fall@41.667ns period=83.333ns})
  Destination:            cnt3_reg[1]/D
                            (rising edge-triggered cell FDRE clocked by sys_clk_pin  {rise@0.000ns fall@41.667ns period=83.333ns})
  Path Group:             sys_clk_pin
  Path Type:              Hold (Min at Fast Process Corner)
  Requirement:            0.000ns  (sys_clk_pin rise@0.000ns - sys_clk_pin rise@0.000ns)
  Data Path Delay:        0.318ns  (logic 0.186ns (58.452%)  route 0.132ns (41.548%))
  Logic Levels:           1  (LUT3=1)
  Clock Path Skew:        0.013ns (DCD - SCD - CPR)
    Destination Clock Delay (DCD):    1.983ns
    Source Clock Delay      (SCD):    1.469ns
    Clock Pessimism Removal (CPR):    0.501ns

    Location             Delay type                Incr(ns)  Path(ns)    Netlist Resource(s)
  -------------------------------------------------------------------    -------------------
                         (clock sys_clk_pin rise edge)
                                                      0.000     0.000 r  
    F14                                               0.000     0.000 r  CLK (IN)
                         net (fo=0)                   0.000     0.000    CLK
    F14                  IBUF (Prop_ibuf_I_O)         0.226     0.226 r  CLK_IBUF_inst/O
                         net (fo=1, routed)           0.634     0.861    CLK_IBUF
    BUFGCTRL_X0Y16       BUFG (Prop_bufg_I_O)         0.026     0.887 r  CLK_IBUF_BUFG_inst/O
                         net (fo=54, routed)          0.583     1.469    CLK_IBUF_BUFG
    SLICE_X1Y69          FDRE                                         r  cnt3_reg[0]/C
  -------------------------------------------------------------------    -------------------
    SLICE_X1Y69          FDRE (Prop_fdre_C_Q)         0.141     1.610 r  cnt3_reg[0]/Q
                         net (fo=7, routed)           0.132     1.743    cnt3[0]
    SLICE_X0Y69          LUT3 (Prop_lut3_I1_O)        0.045     1.788 r  cnt3[1]_i_1/O
                         net (fo=1, routed)           0.000     1.788    cnt3[1]_i_1_n_0
    SLICE_X0Y69          FDRE                                         r  cnt3_reg[1]/D
  -------------------------------------------------------------------    -------------------

                         (clock sys_clk_pin rise edge)
                                                      0.000     0.000 r  
    F14                                               0.000     0.000 r  CLK (IN)
                         net (fo=0)                   0.000     0.000    CLK
    F14                  IBUF (Prop_ibuf_I_O)         0.414     0.414 r  CLK_IBUF_inst/O
                         net (fo=1, routed)           0.689     1.103    CLK_IBUF
    BUFGCTRL_X0Y16       BUFG (Prop_bufg_I_O)         0.029     1.132 r  CLK_IBUF_BUFG_inst/O
                         net (fo=54, routed)          0.851     1.983    CLK_IBUF_BUFG
    SLICE_X0Y69          FDRE                                         r  cnt3_reg[1]/C
                         clock pessimism             -0.501     1.482    
    SLICE_X0Y69          FDRE (Hold_fdre_C_D)         0.092     1.574    cnt3_reg[1]
  -------------------------------------------------------------------
                         required time                         -1.574    
                         arrival time                           1.788    
  -------------------------------------------------------------------
                         slack                                  0.213    

Slack (MET) :             0.261ns  (arrival time - required time)
  Source:                 cnt22_reg[3]/C
                            (rising edge-triggered cell FDRE clocked by sys_clk_pin  {rise@0.000ns fall@41.667ns period=83.333ns})
  Destination:            cnt22_reg[3]/D
                            (rising edge-triggered cell FDRE clocked by sys_clk_pin  {rise@0.000ns fall@41.667ns period=83.333ns})
  Path Group:             sys_clk_pin
  Path Type:              Hold (Min at Fast Process Corner)
  Requirement:            0.000ns  (sys_clk_pin rise@0.000ns - sys_clk_pin rise@0.000ns)
  Data Path Delay:        0.366ns  (logic 0.249ns (67.994%)  route 0.117ns (32.006%))
  Logic Levels:           1  (CARRY4=1)
  Clock Path Skew:        0.000ns (DCD - SCD - CPR)
    Destination Clock Delay (DCD):    1.988ns
    Source Clock Delay      (SCD):    1.473ns
    Clock Pessimism Removal (CPR):    0.515ns

    Location             Delay type                Incr(ns)  Path(ns)    Netlist Resource(s)
  -------------------------------------------------------------------    -------------------
                         (clock sys_clk_pin rise edge)
                                                      0.000     0.000 r  
    F14                                               0.000     0.000 r  CLK (IN)
                         net (fo=0)                   0.000     0.000    CLK
    F14                  IBUF (Prop_ibuf_I_O)         0.226     0.226 r  CLK_IBUF_inst/O
                         net (fo=1, routed)           0.634     0.861    CLK_IBUF
    BUFGCTRL_X0Y16       BUFG (Prop_bufg_I_O)         0.026     0.887 r  CLK_IBUF_BUFG_inst/O
                         net (fo=54, routed)          0.587     1.473    CLK_IBUF_BUFG
    SLICE_X1Y63          FDRE                                         r  cnt22_reg[3]/C
  -------------------------------------------------------------------    -------------------
    SLICE_X1Y63          FDRE (Prop_fdre_C_Q)         0.141     1.614 r  cnt22_reg[3]/Q
                         net (fo=2, routed)           0.117     1.732    cnt22_reg[3]
    SLICE_X1Y63          CARRY4 (Prop_carry4_S[3]_O[3])
                                                      0.108     1.840 r  cnt22_reg[0]_i_1/O[3]
                         net (fo=1, routed)           0.000     1.840    cnt22_reg[0]_i_1_n_4
    SLICE_X1Y63          FDRE                                         r  cnt22_reg[3]/D
  -------------------------------------------------------------------    -------------------

                         (clock sys_clk_pin rise edge)
                                                      0.000     0.000 r  
    F14                                               0.000     0.000 r  CLK (IN)
                         net (fo=0)                   0.000     0.000    CLK
    F14                  IBUF (Prop_ibuf_I_O)         0.414     0.414 r  CLK_IBUF_inst/O
                         net (fo=1, routed)           0.689     1.103    CLK_IBUF
    BUFGCTRL_X0Y16       BUFG (Prop_bufg_I_O)         0.029     1.132 r  CLK_IBUF_BUFG_inst/O
                         net (fo=54, routed)          0.856     1.988    CLK_IBUF_BUFG
    SLICE_X1Y63          FDRE                                         r  cnt22_reg[3]/C
                         clock pessimism             -0.515     1.473    
    SLICE_X1Y63          FDRE (Hold_fdre_C_D)         0.105     1.578    cnt22_reg[3]
  -------------------------------------------------------------------
                         required time                         -1.578    
                         arrival time                           1.840    
  -------------------------------------------------------------------
                         slack                                  0.261    

Slack (MET) :             0.261ns  (arrival time - required time)
  Source:                 cnt22_reg[19]/C
                            (rising edge-triggered cell FDRE clocked by sys_clk_pin  {rise@0.000ns fall@41.667ns period=83.333ns})
  Destination:            cnt22_reg[19]/D
                            (rising edge-triggered cell FDRE clocked by sys_clk_pin  {rise@0.000ns fall@41.667ns period=83.333ns})
  Path Group:             sys_clk_pin
  Path Type:              Hold (Min at Fast Process Corner)
  Requirement:            0.000ns  (sys_clk_pin rise@0.000ns - sys_clk_pin rise@0.000ns)
  Data Path Delay:        0.366ns  (logic 0.249ns (67.994%)  route 0.117ns (32.006%))
  Logic Levels:           1  (CARRY4=1)
  Clock Path Skew:        0.000ns (DCD - SCD - CPR)
    Destination Clock Delay (DCD):    1.985ns
    Source Clock Delay      (SCD):    1.471ns
    Clock Pessimism Removal (CPR):    0.514ns

    Location             Delay type                Incr(ns)  Path(ns)    Netlist Resource(s)
  -------------------------------------------------------------------    -------------------
                         (clock sys_clk_pin rise edge)
                                                      0.000     0.000 r  
    F14                                               0.000     0.000 r  CLK (IN)
                         net (fo=0)                   0.000     0.000    CLK
    F14                  IBUF (Prop_ibuf_I_O)         0.226     0.226 r  CLK_IBUF_inst/O
                         net (fo=1, routed)           0.634     0.861    CLK_IBUF
    BUFGCTRL_X0Y16       BUFG (Prop_bufg_I_O)         0.026     0.887 r  CLK_IBUF_BUFG_inst/O
                         net (fo=54, routed)          0.585     1.471    CLK_IBUF_BUFG
    SLICE_X1Y67          FDRE                                         r  cnt22_reg[19]/C
  -------------------------------------------------------------------    -------------------
    SLICE_X1Y67          FDRE (Prop_fdre_C_Q)         0.141     1.612 r  cnt22_reg[19]/Q
                         net (fo=2, routed)           0.117     1.730    cnt22_reg[19]
    SLICE_X1Y67          CARRY4 (Prop_carry4_S[3]_O[3])
                                                      0.108     1.838 r  cnt22_reg[16]_i_1__0/O[3]
                         net (fo=1, routed)           0.000     1.838    cnt22_reg[16]_i_1__0_n_4
    SLICE_X1Y67          FDRE                                         r  cnt22_reg[19]/D
  -------------------------------------------------------------------    -------------------

                         (clock sys_clk_pin rise edge)
                                                      0.000     0.000 r  
    F14                                               0.000     0.000 r  CLK (IN)
                         net (fo=0)                   0.000     0.000    CLK
    F14                  IBUF (Prop_ibuf_I_O)         0.414     0.414 r  CLK_IBUF_inst/O
                         net (fo=1, routed)           0.689     1.103    CLK_IBUF
    BUFGCTRL_X0Y16       BUFG (Prop_bufg_I_O)         0.029     1.132 r  CLK_IBUF_BUFG_inst/O
                         net (fo=54, routed)          0.854     1.985    CLK_IBUF_BUFG
    SLICE_X1Y67          FDRE                                         r  cnt22_reg[19]/C
                         clock pessimism             -0.514     1.471    
    SLICE_X1Y67          FDRE (Hold_fdre_C_D)         0.105     1.576    cnt22_reg[19]
  -------------------------------------------------------------------
                         required time                         -1.576    
                         arrival time                           1.838    
  -------------------------------------------------------------------
                         slack                                  0.261    

Slack (MET) :             0.261ns  (arrival time - required time)
  Source:                 cnt22_reg[15]/C
                            (rising edge-triggered cell FDRE clocked by sys_clk_pin  {rise@0.000ns fall@41.667ns period=83.333ns})
  Destination:            cnt22_reg[15]/D
                            (rising edge-triggered cell FDRE clocked by sys_clk_pin  {rise@0.000ns fall@41.667ns period=83.333ns})
  Path Group:             sys_clk_pin
  Path Type:              Hold (Min at Fast Process Corner)
  Requirement:            0.000ns  (sys_clk_pin rise@0.000ns - sys_clk_pin rise@0.000ns)
  Data Path Delay:        0.366ns  (logic 0.249ns (67.994%)  route 0.117ns (32.006%))
  Logic Levels:           1  (CARRY4=1)
  Clock Path Skew:        0.000ns (DCD - SCD - CPR)
    Destination Clock Delay (DCD):    1.986ns
    Source Clock Delay      (SCD):    1.472ns
    Clock Pessimism Removal (CPR):    0.514ns

    Location             Delay type                Incr(ns)  Path(ns)    Netlist Resource(s)
  -------------------------------------------------------------------    -------------------
                         (clock sys_clk_pin rise edge)
                                                      0.000     0.000 r  
    F14                                               0.000     0.000 r  CLK (IN)
                         net (fo=0)                   0.000     0.000    CLK
    F14                  IBUF (Prop_ibuf_I_O)         0.226     0.226 r  CLK_IBUF_inst/O
                         net (fo=1, routed)           0.634     0.861    CLK_IBUF
    BUFGCTRL_X0Y16       BUFG (Prop_bufg_I_O)         0.026     0.887 r  CLK_IBUF_BUFG_inst/O
                         net (fo=54, routed)          0.586     1.472    CLK_IBUF_BUFG
    SLICE_X1Y66          FDRE                                         r  cnt22_reg[15]/C
  -------------------------------------------------------------------    -------------------
    SLICE_X1Y66          FDRE (Prop_fdre_C_Q)         0.141     1.613 r  cnt22_reg[15]/Q
                         net (fo=2, routed)           0.117     1.731    cnt22_reg[15]
    SLICE_X1Y66          CARRY4 (Prop_carry4_S[3]_O[3])
                                                      0.108     1.839 r  cnt22_reg[12]_i_1__0/O[3]
                         net (fo=1, routed)           0.000     1.839    cnt22_reg[12]_i_1__0_n_4
    SLICE_X1Y66          FDRE                                         r  cnt22_reg[15]/D
  -------------------------------------------------------------------    -------------------

                         (clock sys_clk_pin rise edge)
                                                      0.000     0.000 r  
    F14                                               0.000     0.000 r  CLK (IN)
                         net (fo=0)                   0.000     0.000    CLK
    F14                  IBUF (Prop_ibuf_I_O)         0.414     0.414 r  CLK_IBUF_inst/O
                         net (fo=1, routed)           0.689     1.103    CLK_IBUF
    BUFGCTRL_X0Y16       BUFG (Prop_bufg_I_O)         0.029     1.132 r  CLK_IBUF_BUFG_inst/O
                         net (fo=54, routed)          0.855     1.986    CLK_IBUF_BUFG
    SLICE_X1Y66          FDRE                                         r  cnt22_reg[15]/C
                         clock pessimism             -0.514     1.472    
    SLICE_X1Y66          FDRE (Hold_fdre_C_D)         0.105     1.577    cnt22_reg[15]
  -------------------------------------------------------------------
                         required time                         -1.577    
                         arrival time                           1.839    
  -------------------------------------------------------------------
                         slack                                  0.261    

Slack (MET) :             0.264ns  (arrival time - required time)
  Source:                 cnt22_reg[7]/C
                            (rising edge-triggered cell FDRE clocked by sys_clk_pin  {rise@0.000ns fall@41.667ns period=83.333ns})
  Destination:            cnt22_reg[7]/D
                            (rising edge-triggered cell FDRE clocked by sys_clk_pin  {rise@0.000ns fall@41.667ns period=83.333ns})
  Path Group:             sys_clk_pin
  Path Type:              Hold (Min at Fast Process Corner)
  Requirement:            0.000ns  (sys_clk_pin rise@0.000ns - sys_clk_pin rise@0.000ns)
  Data Path Delay:        0.369ns  (logic 0.249ns (67.424%)  route 0.120ns (32.576%))
  Logic Levels:           1  (CARRY4=1)
  Clock Path Skew:        0.000ns (DCD - SCD - CPR)
    Destination Clock Delay (DCD):    1.988ns
    Source Clock Delay      (SCD):    1.473ns
    Clock Pessimism Removal (CPR):    0.515ns

    Location             Delay type                Incr(ns)  Path(ns)    Netlist Resource(s)
  -------------------------------------------------------------------    -------------------
                         (clock sys_clk_pin rise edge)
                                                      0.000     0.000 r  
    F14                                               0.000     0.000 r  CLK (IN)
                         net (fo=0)                   0.000     0.000    CLK
    F14                  IBUF (Prop_ibuf_I_O)         0.226     0.226 r  CLK_IBUF_inst/O
                         net (fo=1, routed)           0.634     0.861    CLK_IBUF
    BUFGCTRL_X0Y16       BUFG (Prop_bufg_I_O)         0.026     0.887 r  CLK_IBUF_BUFG_inst/O
                         net (fo=54, routed)          0.587     1.473    CLK_IBUF_BUFG
    SLICE_X1Y64          FDRE                                         r  cnt22_reg[7]/C
  -------------------------------------------------------------------    -------------------
    SLICE_X1Y64          FDRE (Prop_fdre_C_Q)         0.141     1.614 r  cnt22_reg[7]/Q
                         net (fo=2, routed)           0.120     1.735    cnt22_reg[7]
    SLICE_X1Y64          CARRY4 (Prop_carry4_S[3]_O[3])
                                                      0.108     1.843 r  cnt22_reg[4]_i_1__0/O[3]
                         net (fo=1, routed)           0.000     1.843    cnt22_reg[4]_i_1__0_n_4
    SLICE_X1Y64          FDRE                                         r  cnt22_reg[7]/D
  -------------------------------------------------------------------    -------------------

                         (clock sys_clk_pin rise edge)
                                                      0.000     0.000 r  
    F14                                               0.000     0.000 r  CLK (IN)
                         net (fo=0)                   0.000     0.000    CLK
    F14                  IBUF (Prop_ibuf_I_O)         0.414     0.414 r  CLK_IBUF_inst/O
                         net (fo=1, routed)           0.689     1.103    CLK_IBUF
    BUFGCTRL_X0Y16       BUFG (Prop_bufg_I_O)         0.029     1.132 r  CLK_IBUF_BUFG_inst/O
                         net (fo=54, routed)          0.856     1.988    CLK_IBUF_BUFG
    SLICE_X1Y64          FDRE                                         r  cnt22_reg[7]/C
                         clock pessimism             -0.515     1.473    
    SLICE_X1Y64          FDRE (Hold_fdre_C_D)         0.105     1.578    cnt22_reg[7]
  -------------------------------------------------------------------
                         required time                         -1.578    
                         arrival time                           1.843    
  -------------------------------------------------------------------
                         slack                                  0.264    

Slack (MET) :             0.264ns  (arrival time - required time)
  Source:                 cnt22_reg[11]/C
                            (rising edge-triggered cell FDRE clocked by sys_clk_pin  {rise@0.000ns fall@41.667ns period=83.333ns})
  Destination:            cnt22_reg[11]/D
                            (rising edge-triggered cell FDRE clocked by sys_clk_pin  {rise@0.000ns fall@41.667ns period=83.333ns})
  Path Group:             sys_clk_pin
  Path Type:              Hold (Min at Fast Process Corner)
  Requirement:            0.000ns  (sys_clk_pin rise@0.000ns - sys_clk_pin rise@0.000ns)
  Data Path Delay:        0.369ns  (logic 0.249ns (67.424%)  route 0.120ns (32.576%))
  Logic Levels:           1  (CARRY4=1)
  Clock Path Skew:        0.000ns (DCD - SCD - CPR)
    Destination Clock Delay (DCD):    1.987ns
    Source Clock Delay      (SCD):    1.473ns
    Clock Pessimism Removal (CPR):    0.514ns

    Location             Delay type                Incr(ns)  Path(ns)    Netlist Resource(s)
  -------------------------------------------------------------------    -------------------
                         (clock sys_clk_pin rise edge)
                                                      0.000     0.000 r  
    F14                                               0.000     0.000 r  CLK (IN)
                         net (fo=0)                   0.000     0.000    CLK
    F14                  IBUF (Prop_ibuf_I_O)         0.226     0.226 r  CLK_IBUF_inst/O
                         net (fo=1, routed)           0.634     0.861    CLK_IBUF
    BUFGCTRL_X0Y16       BUFG (Prop_bufg_I_O)         0.026     0.887 r  CLK_IBUF_BUFG_inst/O
                         net (fo=54, routed)          0.587     1.473    CLK_IBUF_BUFG
    SLICE_X1Y65          FDRE                                         r  cnt22_reg[11]/C
  -------------------------------------------------------------------    -------------------
    SLICE_X1Y65          FDRE (Prop_fdre_C_Q)         0.141     1.614 r  cnt22_reg[11]/Q
                         net (fo=2, routed)           0.120     1.735    cnt22_reg[11]
    SLICE_X1Y65          CARRY4 (Prop_carry4_S[3]_O[3])
                                                      0.108     1.843 r  cnt22_reg[8]_i_1__0/O[3]
                         net (fo=1, routed)           0.000     1.843    cnt22_reg[8]_i_1__0_n_4
    SLICE_X1Y65          FDRE                                         r  cnt22_reg[11]/D
  -------------------------------------------------------------------    -------------------

                         (clock sys_clk_pin rise edge)
                                                      0.000     0.000 r  
    F14                                               0.000     0.000 r  CLK (IN)
                         net (fo=0)                   0.000     0.000    CLK
    F14                  IBUF (Prop_ibuf_I_O)         0.414     0.414 r  CLK_IBUF_inst/O
                         net (fo=1, routed)           0.689     1.103    CLK_IBUF
    BUFGCTRL_X0Y16       BUFG (Prop_bufg_I_O)         0.029     1.132 r  CLK_IBUF_BUFG_inst/O
                         net (fo=54, routed)          0.855     1.987    CLK_IBUF_BUFG
    SLICE_X1Y65          FDRE                                         r  cnt22_reg[11]/C
                         clock pessimism             -0.514     1.473    
    SLICE_X1Y65          FDRE (Hold_fdre_C_D)         0.105     1.578    cnt22_reg[11]
  -------------------------------------------------------------------
                         required time                         -1.578    
                         arrival time                           1.843    
  -------------------------------------------------------------------
                         slack                                  0.264    

Slack (MET) :             0.267ns  (arrival time - required time)
  Source:                 d0/cnt22_reg[10]/C
                            (rising edge-triggered cell FDRE clocked by sys_clk_pin  {rise@0.000ns fall@41.667ns period=83.333ns})
  Destination:            d0/cnt22_reg[10]/D
                            (rising edge-triggered cell FDRE clocked by sys_clk_pin  {rise@0.000ns fall@41.667ns period=83.333ns})
  Path Group:             sys_clk_pin
  Path Type:              Hold (Min at Fast Process Corner)
  Requirement:            0.000ns  (sys_clk_pin rise@0.000ns - sys_clk_pin rise@0.000ns)
  Data Path Delay:        0.401ns  (logic 0.274ns (68.412%)  route 0.127ns (31.588%))
  Logic Levels:           1  (CARRY4=1)
  Clock Path Skew:        0.000ns (DCD - SCD - CPR)
    Destination Clock Delay (DCD):    1.988ns
    Source Clock Delay      (SCD):    1.473ns
    Clock Pessimism Removal (CPR):    0.515ns

    Location             Delay type                Incr(ns)  Path(ns)    Netlist Resource(s)
  -------------------------------------------------------------------    -------------------
                         (clock sys_clk_pin rise edge)
                                                      0.000     0.000 r  
    F14                                               0.000     0.000 r  CLK (IN)
                         net (fo=0)                   0.000     0.000    CLK
    F14                  IBUF (Prop_ibuf_I_O)         0.226     0.226 r  CLK_IBUF_inst/O
                         net (fo=1, routed)           0.634     0.861    CLK_IBUF
    BUFGCTRL_X0Y16       BUFG (Prop_bufg_I_O)         0.026     0.887 r  CLK_IBUF_BUFG_inst/O
                         net (fo=54, routed)          0.587     1.473    d0/CLK
    SLICE_X2Y63          FDRE                                         r  d0/cnt22_reg[10]/C
  -------------------------------------------------------------------    -------------------
    SLICE_X2Y63          FDRE (Prop_fdre_C_Q)         0.164     1.637 r  d0/cnt22_reg[10]/Q
                         net (fo=2, routed)           0.127     1.764    d0/cnt22_reg[10]
    SLICE_X2Y63          CARRY4 (Prop_carry4_S[2]_O[2])
                                                      0.110     1.874 r  d0/cnt22_reg[8]_i_1/O[2]
                         net (fo=1, routed)           0.000     1.874    d0/cnt22_reg[8]_i_1_n_5
    SLICE_X2Y63          FDRE                                         r  d0/cnt22_reg[10]/D
  -------------------------------------------------------------------    -------------------

                         (clock sys_clk_pin rise edge)
                                                      0.000     0.000 r  
    F14                                               0.000     0.000 r  CLK (IN)
                         net (fo=0)                   0.000     0.000    CLK
    F14                  IBUF (Prop_ibuf_I_O)         0.414     0.414 r  CLK_IBUF_inst/O
                         net (fo=1, routed)           0.689     1.103    CLK_IBUF
    BUFGCTRL_X0Y16       BUFG (Prop_bufg_I_O)         0.029     1.132 r  CLK_IBUF_BUFG_inst/O
                         net (fo=54, routed)          0.856     1.988    d0/CLK
    SLICE_X2Y63          FDRE                                         r  d0/cnt22_reg[10]/C
                         clock pessimism             -0.515     1.473    
    SLICE_X2Y63          FDRE (Hold_fdre_C_D)         0.134     1.607    d0/cnt22_reg[10]
  -------------------------------------------------------------------
                         required time                         -1.607    
                         arrival time                           1.874    
  -------------------------------------------------------------------
                         slack                                  0.267    

Slack (MET) :             0.267ns  (arrival time - required time)
  Source:                 d0/cnt22_reg[14]/C
                            (rising edge-triggered cell FDRE clocked by sys_clk_pin  {rise@0.000ns fall@41.667ns period=83.333ns})
  Destination:            d0/cnt22_reg[14]/D
                            (rising edge-triggered cell FDRE clocked by sys_clk_pin  {rise@0.000ns fall@41.667ns period=83.333ns})
  Path Group:             sys_clk_pin
  Path Type:              Hold (Min at Fast Process Corner)
  Requirement:            0.000ns  (sys_clk_pin rise@0.000ns - sys_clk_pin rise@0.000ns)
  Data Path Delay:        0.401ns  (logic 0.274ns (68.412%)  route 0.127ns (31.588%))
  Logic Levels:           1  (CARRY4=1)
  Clock Path Skew:        0.000ns (DCD - SCD - CPR)
    Destination Clock Delay (DCD):    1.988ns
    Source Clock Delay      (SCD):    1.473ns
    Clock Pessimism Removal (CPR):    0.515ns

    Location             Delay type                Incr(ns)  Path(ns)    Netlist Resource(s)
  -------------------------------------------------------------------    -------------------
                         (clock sys_clk_pin rise edge)
                                                      0.000     0.000 r  
    F14                                               0.000     0.000 r  CLK (IN)
                         net (fo=0)                   0.000     0.000    CLK
    F14                  IBUF (Prop_ibuf_I_O)         0.226     0.226 r  CLK_IBUF_inst/O
                         net (fo=1, routed)           0.634     0.861    CLK_IBUF
    BUFGCTRL_X0Y16       BUFG (Prop_bufg_I_O)         0.026     0.887 r  CLK_IBUF_BUFG_inst/O
                         net (fo=54, routed)          0.587     1.473    d0/CLK
    SLICE_X2Y64          FDRE                                         r  d0/cnt22_reg[14]/C
  -------------------------------------------------------------------    -------------------
    SLICE_X2Y64          FDRE (Prop_fdre_C_Q)         0.164     1.637 r  d0/cnt22_reg[14]/Q
                         net (fo=2, routed)           0.127     1.764    d0/cnt22_reg[14]
    SLICE_X2Y64          CARRY4 (Prop_carry4_S[2]_O[2])
                                                      0.110     1.874 r  d0/cnt22_reg[12]_i_1/O[2]
                         net (fo=1, routed)           0.000     1.874    d0/cnt22_reg[12]_i_1_n_5
    SLICE_X2Y64          FDRE                                         r  d0/cnt22_reg[14]/D
  -------------------------------------------------------------------    -------------------

                         (clock sys_clk_pin rise edge)
                                                      0.000     0.000 r  
    F14                                               0.000     0.000 r  CLK (IN)
                         net (fo=0)                   0.000     0.000    CLK
    F14                  IBUF (Prop_ibuf_I_O)         0.414     0.414 r  CLK_IBUF_inst/O
                         net (fo=1, routed)           0.689     1.103    CLK_IBUF
    BUFGCTRL_X0Y16       BUFG (Prop_bufg_I_O)         0.029     1.132 r  CLK_IBUF_BUFG_inst/O
                         net (fo=54, routed)          0.856     1.988    d0/CLK
    SLICE_X2Y64          FDRE                                         r  d0/cnt22_reg[14]/C
                         clock pessimism             -0.515     1.473    
    SLICE_X2Y64          FDRE (Hold_fdre_C_D)         0.134     1.607    d0/cnt22_reg[14]
  -------------------------------------------------------------------
                         required time                         -1.607    
                         arrival time                           1.874    
  -------------------------------------------------------------------
                         slack                                  0.267    





Pulse Width Checks
--------------------------------------------------------------------------------------
Clock Name:         sys_clk_pin
Waveform(ns):       { 0.000 41.667 }
Period(ns):         83.333
Sources:            { CLK }

Check Type        Corner  Lib Pin  Reference Pin  Required(ns)  Actual(ns)  Slack(ns)  Location        Pin
Min Period        n/a     BUFG/I   n/a            2.155         83.333      81.178     BUFGCTRL_X0Y16  CLK_IBUF_BUFG_inst/I
Min Period        n/a     FDRE/C   n/a            1.000         83.333      82.333     SLICE_X1Y63     cnt22_reg[0]/C
Min Period        n/a     FDRE/C   n/a            1.000         83.333      82.333     SLICE_X1Y65     cnt22_reg[10]/C
Min Period        n/a     FDRE/C   n/a            1.000         83.333      82.333     SLICE_X1Y65     cnt22_reg[11]/C
Min Period        n/a     FDRE/C   n/a            1.000         83.333      82.333     SLICE_X1Y66     cnt22_reg[12]/C
Min Period        n/a     FDRE/C   n/a            1.000         83.333      82.333     SLICE_X1Y66     cnt22_reg[13]/C
Min Period        n/a     FDRE/C   n/a            1.000         83.333      82.333     SLICE_X1Y66     cnt22_reg[14]/C
Min Period        n/a     FDRE/C   n/a            1.000         83.333      82.333     SLICE_X1Y66     cnt22_reg[15]/C
Min Period        n/a     FDRE/C   n/a            1.000         83.333      82.333     SLICE_X1Y67     cnt22_reg[16]/C
Min Period        n/a     FDRE/C   n/a            1.000         83.333      82.333     SLICE_X1Y67     cnt22_reg[17]/C
Low Pulse Width   Slow    FDRE/C   n/a            0.500         41.666      41.166     SLICE_X1Y66     cnt22_reg[12]/C
Low Pulse Width   Slow    FDRE/C   n/a            0.500         41.666      41.166     SLICE_X1Y66     cnt22_reg[13]/C
Low Pulse Width   Slow    FDRE/C   n/a            0.500         41.666      41.166     SLICE_X1Y66     cnt22_reg[14]/C
Low Pulse Width   Slow    FDRE/C   n/a            0.500         41.666      41.166     SLICE_X1Y66     cnt22_reg[15]/C
Low Pulse Width   Slow    FDRE/C   n/a            0.500         41.666      41.166     SLICE_X2Y61     d0/cnt22_reg[0]/C
Low Pulse Width   Slow    FDRE/C   n/a            0.500         41.666      41.166     SLICE_X2Y61     d0/cnt22_reg[1]/C
Low Pulse Width   Slow    FDRE/C   n/a            0.500         41.666      41.166     SLICE_X2Y66     d0/cnt22_reg[20]/C
Low Pulse Width   Slow    FDRE/C   n/a            0.500         41.666      41.166     SLICE_X2Y66     d0/cnt22_reg[21]/C
Low Pulse Width   Slow    FDRE/C   n/a            0.500         41.666      41.166     SLICE_X2Y61     d0/cnt22_reg[2]/C
Low Pulse Width   Slow    FDRE/C   n/a            0.500         41.666      41.166     SLICE_X2Y61     d0/cnt22_reg[3]/C
High Pulse Width  Fast    FDRE/C   n/a            0.500         41.667      41.167     SLICE_X1Y63     cnt22_reg[0]/C
High Pulse Width  Fast    FDRE/C   n/a            0.500         41.667      41.167     SLICE_X1Y65     cnt22_reg[10]/C
High Pulse Width  Fast    FDRE/C   n/a            0.500         41.667      41.167     SLICE_X1Y65     cnt22_reg[11]/C
High Pulse Width  Fast    FDRE/C   n/a            0.500         41.667      41.167     SLICE_X1Y66     cnt22_reg[12]/C
High Pulse Width  Fast    FDRE/C   n/a            0.500         41.667      41.167     SLICE_X1Y66     cnt22_reg[13]/C
High Pulse Width  Fast    FDRE/C   n/a            0.500         41.667      41.167     SLICE_X1Y66     cnt22_reg[14]/C
High Pulse Width  Fast    FDRE/C   n/a            0.500         41.667      41.167     SLICE_X1Y66     cnt22_reg[15]/C
High Pulse Width  Fast    FDRE/C   n/a            0.500         41.667      41.167     SLICE_X1Y67     cnt22_reg[16]/C
High Pulse Width  Fast    FDRE/C   n/a            0.500         41.667      41.167     SLICE_X1Y67     cnt22_reg[17]/C
High Pulse Width  Fast    FDRE/C   n/a            0.500         41.667      41.167     SLICE_X1Y67     cnt22_reg[18]/C



